#! /c/iverilog/bin/vvp
:ivl_version "0.9.7 " "(v0_9_7)";
:vpi_time_precision + 0;
:vpi_module "system";
:vpi_module "v2005_math";
:vpi_module "va_math";
S_011618A0 .scope module, "MicroRegister_Testbench" "MicroRegister_Testbench" 2 6;
 .timescale 0 0;
v011B5948_0 .net "CR", 6 0, v01170E98_0; 1 drivers
v011B5268_0 .net "Cin", 0 0, v01171208_0; 1 drivers
v011B55D8_0 .var "HC1", 6 0;
v011B56E0_0 .net "IRld", 0 0, v01171310_0; 1 drivers
v011B5318_0 .net "IncRld", 0 0, v01170EF0_0; 1 drivers
v011B5630_0 .net "Incrementer", 6 0, v011783D0_0; 1 drivers
v011B5688_0 .net "Inv", 0 0, v01171368_0; 1 drivers
v011B5790_0 .net "M", 1 0, v012EED38_0; 1 drivers
v011B5A50_0 .net "MA", 0 0, v01170F48_0; 1 drivers
v011B5840_0 .net "MARld", 0 0, v01170FA0_0; 1 drivers
v011B52C0_0 .net "MB", 1 0, v01170FF8_0; 1 drivers
v011B5C08_0 .net "MC", 0 0, v011713C0_0; 1 drivers
v011B5B58_0 .net "MDRld", 0 0, v01171050_0; 1 drivers
v011B5DC0_0 .net "ME", 0 0, v01171418_0; 1 drivers
v011B5D10_0 .net "MF", 0 0, v011710A8_0; 1 drivers
v011B5BB0_0 .net "MOV", 0 0, v011B50B0_0; 1 drivers
v011B5FD0_0 .net "MP", 0 0, v011B5AA8_0; 1 drivers
v011B5C60_0 .net "MPA", 0 0, v011B59A0_0; 1 drivers
v011B5CB8_0 .net "MR", 0 0, v011B5370_0; 1 drivers
v011B5D68_0 .net "N", 2 0, v011B5898_0; 1 drivers
v011B5E18_0 .net "OP", 3 0, v011B5058_0; 1 drivers
v011B5E70_0 .net "OpC", 5 0, v011B5478_0; 1 drivers
v011B5F20_0 .net "PCld", 0 0, v011B5108_0; 1 drivers
v011B5EC8_0 .net "RFld", 0 0, v011B57E8_0; 1 drivers
v011B5F78_0 .net "RW", 0 0, v011B5420_0; 1 drivers
v011B6AB0_0 .net "S", 1 0, v011B59F8_0; 1 drivers
v011B6530_0 .net "SSE", 1 0, v011B54D0_0; 1 drivers
v011B68F8_0 .net "StateSignals", 43 0, v011B51B8_0; 1 drivers
v011B6A58_0 .net "activeState", 6 0, v011B5528_0; 1 drivers
v011B6428_0 .var "clk", 0 0;
v011B6060_0 .var "cond", 0 0;
v011B6740_0 .net "curState", 6 0, v011B5738_0; 1 drivers
v011B6638_0 .var "dmoc", 0 0;
v011B6B08_0 .net "encodedOut", 6 0, v01179CF0_0; 1 drivers
v011B6690_0 .net "in_inv", 0 0, v01171100_0; 1 drivers
v011B6270_0 .var "instruction", 31 0;
v011B60B8_0 .var "moc", 0 0;
v011B61C0_0 .net "nPCld", 0 0, v011B5160_0; 1 drivers
v011B65E0_0 .net "out_Mux_StateSlct", 6 0, v012EECE0_0; 1 drivers
v011B6848_0 .net "out_adder", 6 0, v012ED2F8_0; 1 drivers
v011B6110_0 .var "reset", 0 0;
v011B6480_0 .net "sts", 0 0, v011711B0_0; 1 drivers
E_0116A1B0 .event edge, v011B5058_0;
E_0116A770 .event posedge, v011B50B0_0;
S_01162C48 .scope module, "Mstore" "Microstore" 2 12, 3 1, S_011618A0;
 .timescale 0 0;
v011B5738_0 .var "activeState", 6 0;
v011B5580_0 .alias "currentState", 6 0, v011B65E0_0;
v011B51B8_0 .var "currentStateSignals", 43 0;
v011B58F0_0 .net "reset", 0 0, v011B6110_0; 1 drivers
E_0116A910 .event edge, v011B58F0_0, v01178428_0;
S_011624D8 .scope module, "CReg" "ControlRegister" 2 25, 4 1, S_011618A0;
 .timescale 0 0;
v01170E98_0 .var "CR", 6 0;
v01171208_0 .var "Cin", 0 0;
v01171310_0 .var "IRld", 0 0;
v01170EF0_0 .var "IncRld", 0 0;
v01171368_0 .var "Inv", 0 0;
v01170F48_0 .var "MA", 0 0;
v01170FA0_0 .var "MARld", 0 0;
v01170FF8_0 .var "MB", 1 0;
v011713C0_0 .var "MC", 0 0;
v01171050_0 .var "MDRld", 0 0;
v01171418_0 .var "ME", 0 0;
v011710A8_0 .var "MF", 0 0;
v011B50B0_0 .var "MOV", 0 0;
v011B5AA8_0 .var "MP", 0 0;
v011B59A0_0 .var "MPA", 0 0;
v011B5370_0 .var "MR", 0 0;
v011B5898_0 .var "N", 2 0;
v011B5058_0 .var "OP", 3 0;
v011B5478_0 .var "OpC", 5 0;
v011B5108_0 .var "PCld", 0 0;
v011B57E8_0 .var "RFld", 0 0;
v011B5420_0 .var "RW", 0 0;
v011B59F8_0 .var "S", 1 0;
v011B54D0_0 .var "SSE", 1 0;
v011B5528_0 .var "activeState", 6 0;
v011B53C8_0 .net "clk", 0 0, v011B6428_0; 1 drivers
v011B5B00_0 .alias "curState", 6 0, v011B6740_0;
v011B5210_0 .alias "currentStateSignals", 43 0, v011B68F8_0;
v011B5160_0 .var "nPCld", 0 0;
S_011621A8 .scope module, "cond_mux" "Condition_Mux" 2 41, 5 1, S_011618A0;
 .timescale 0 0;
v011712B8_0 .alias "S", 1 0, v011B6AB0_0;
v011714C8_0 .net "cond", 0 0, v011B6060_0; 1 drivers
v01171158_0 .net "dmoc", 0 0, v011B6638_0; 1 drivers
v01171578_0 .net "moc", 0 0, v011B60B8_0; 1 drivers
v01171100_0 .var "out", 0 0;
E_0116AB30 .event edge, v011712B8_0, v01171158_0, v011714C8_0, v01171578_0;
S_01162010 .scope module, "inverter" "Inverter" 2 42, 5 10, S_011618A0;
 .timescale 0 0;
v01171470_0 .alias "in", 0 0, v011B6690_0;
v01171260_0 .alias "inv", 0 0, v011B5688_0;
v011711B0_0 .var "out", 0 0;
E_0116A950 .event edge, v01171470_0, v01171260_0;
S_01161E78 .scope module, "nsas" "Next_State_Address_Selector" 2 43, 5 17, S_011618A0;
 .timescale 0 0;
v012EED38_0 .var "M", 1 0;
v01171520_0 .alias "N", 2 0, v011B5D68_0;
v011715D0_0 .alias "sts", 0 0, v011B6480_0;
E_0116AC50 .event edge, v011715D0_0, v01171520_0;
S_01161BD0 .scope module, "state_select_mux" "State_Selector_Mux" 2 44, 5 36, S_011618A0;
 .timescale 0 0;
v012ED350_0 .alias "CR", 6 0, v011B5948_0;
v012ED3A8_0 .alias "Encoder", 6 0, v011B6B08_0;
v0117C410_0 .net "HC1", 6 0, v011B55D8_0; 1 drivers
v0117C468_0 .alias "Incrementer", 6 0, v011B5630_0;
v0117C4C0_0 .alias "M", 1 0, v011B5790_0;
v012EECE0_0 .var "state", 6 0;
E_0116AAF0/0 .event edge, v011783D0_0, v012ED350_0, v0117C410_0, v012E4F58_0;
E_0116AAF0/1 .event edge, v0117C4C0_0;
E_0116AAF0 .event/or E_0116AAF0/0, E_0116AAF0/1;
S_01161B48 .scope module, "adder" "IncReg_Adder" 2 45, 5 46, S_011618A0;
 .timescale 0 0;
v01178428_0 .alias "C_state", 6 0, v011B65E0_0;
v012ED2F8_0 .var "N_state", 6 0;
E_0116A930 .event edge, v01178428_0;
S_01161AC0 .scope module, "incr_reg" "Incrementer_Reg" 2 46, 5 51, S_011618A0;
 .timescale 0 0;
v01179D48_0 .alias "Ld", 0 0, v011B5318_0;
v01179DA0_0 .alias "clk", 0 0, v011B53C8_0;
v01178378_0 .alias "inc_state", 6 0, v011B6848_0;
v011783D0_0 .var "state", 6 0;
E_0116AA50 .event posedge, v01179DA0_0;
S_011619B0 .scope module, "IRencodedOut" "Encoder" 2 50, 6 1, S_011618A0;
 .timescale 0 0;
v012EB928_0 .net "Instruction", 31 0, v011B6270_0; 1 drivers
v012E4F58_0 .alias "State_Sel", 6 0, v011B6B08_0;
v01179CF0_0 .var "state_tmp", 6 0;
E_0116ABD0 .event edge, v012EB928_0;
    .scope S_01162C48;
T_0 ;
    %wait E_0116A910;
    %load/v 8, v011B58F0_0, 1;
    %jmp/0xz  T_0.0, 8;
    %movi 8, 32769, 32;
    %movi 40, 608, 12;
    %set/v v011B51B8_0, 8, 44;
    %set/v v011B5738_0, 0, 7;
    %jmp T_0.1;
T_0.0 ;
    %load/v 8, v011B5580_0, 7;
    %set/v v011B5738_0, 8, 7;
    %load/v 8, v011B5580_0, 7;
    %cmpi/u 8, 0, 7;
    %jmp/1 T_0.2, 6;
    %cmpi/u 8, 1, 7;
    %jmp/1 T_0.3, 6;
    %cmpi/u 8, 2, 7;
    %jmp/1 T_0.4, 6;
    %cmpi/u 8, 3, 7;
    %jmp/1 T_0.5, 6;
    %cmpi/u 8, 4, 7;
    %jmp/1 T_0.6, 6;
    %cmpi/u 8, 5, 7;
    %jmp/1 T_0.7, 6;
    %cmpi/u 8, 6, 7;
    %jmp/1 T_0.8, 6;
    %cmpi/u 8, 7, 7;
    %jmp/1 T_0.9, 6;
    %cmpi/u 8, 8, 7;
    %jmp/1 T_0.10, 6;
    %cmpi/u 8, 9, 7;
    %jmp/1 T_0.11, 6;
    %cmpi/u 8, 10, 7;
    %jmp/1 T_0.12, 6;
    %cmpi/u 8, 11, 7;
    %jmp/1 T_0.13, 6;
    %movi 8, 32769, 32;
    %movi 40, 608, 12;
    %set/v v011B51B8_0, 8, 44;
    %set/v v011B5738_0, 0, 7;
    %jmp T_0.15;
T_0.2 ;
    %movi 8, 32769, 32;
    %movi 40, 608, 12;
    %set/v v011B51B8_0, 8, 44;
    %jmp T_0.15;
T_0.3 ;
    %movi 8, 35, 32;
    %movi 40, 1537, 12;
    %set/v v011B51B8_0, 8, 44;
    %jmp T_0.15;
T_0.4 ;
    %movi 8, 2281701411, 44;
    %set/v v011B51B8_0, 8, 44;
    %jmp T_0.15;
T_0.5 ;
    %movi 8, 1684013091, 44;
    %set/v v011B51B8_0, 8, 44;
    %jmp T_0.15;
T_0.6 ;
    %movi 8, 1684013604, 32;
    %movi 40, 2048, 12;
    %set/v v011B51B8_0, 8, 44;
    %jmp T_0.15;
T_0.7 ;
    %movi 8, 33, 32;
    %movi 40, 416, 12;
    %set/v v011B51B8_0, 8, 44;
    %jmp T_0.15;
T_0.8 ;
    %movi 8, 268435491, 32;
    %movi 40, 232, 12;
    %set/v v011B51B8_0, 8, 44;
    %jmp T_0.15;
T_0.9 ;
    %movi 8, 134217763, 32;
    %movi 40, 194, 12;
    %set/v v011B51B8_0, 8, 44;
    %jmp T_0.15;
T_0.10 ;
    %movi 8, 536870947, 32;
    %movi 40, 4, 12;
    %set/v v011B51B8_0, 8, 44;
    %jmp T_0.15;
T_0.11 ;
    %movi 8, 536872101, 32;
    %movi 40, 4, 12;
    %set/v v011B51B8_0, 8, 44;
    %jmp T_0.15;
T_0.12 ;
    %movi 8, 245806, 32;
    %movi 40, 160, 12;
    %set/v v011B51B8_0, 8, 44;
    %jmp T_0.15;
T_0.13 ;
    %movi 8, 278818, 32;
    %movi 40, 576, 12;
    %set/v v011B51B8_0, 8, 44;
    %jmp T_0.15;
T_0.15 ;
T_0.1 ;
    %jmp T_0;
    .thread T_0, $push;
    .scope S_011624D8;
T_1 ;
    %wait E_0116AA50;
    %ix/load 1, 43, 0;
    %mov 4, 0, 1;
    %jmp/1 T_1.0, 4;
    %load/x1p 8, v011B5210_0, 1;
    %jmp T_1.1;
T_1.0 ;
    %mov 8, 2, 1;
T_1.1 ;
; Save base=8 wid=1 in lookaside.
    %set/v v01171310_0, 8, 1;
    %ix/load 1, 42, 0;
    %mov 4, 0, 1;
    %jmp/1 T_1.2, 4;
    %load/x1p 8, v011B5210_0, 1;
    %jmp T_1.3;
T_1.2 ;
    %mov 8, 2, 1;
T_1.3 ;
; Save base=8 wid=1 in lookaside.
    %set/v v011B5108_0, 8, 1;
    %ix/load 1, 41, 0;
    %mov 4, 0, 1;
    %jmp/1 T_1.4, 4;
    %load/x1p 8, v011B5210_0, 1;
    %jmp T_1.5;
T_1.4 ;
    %mov 8, 2, 1;
T_1.5 ;
; Save base=8 wid=1 in lookaside.
    %set/v v011B5160_0, 8, 1;
    %ix/load 1, 40, 0;
    %mov 4, 0, 1;
    %jmp/1 T_1.6, 4;
    %load/x1p 8, v011B5210_0, 1;
    %jmp T_1.7;
T_1.6 ;
    %mov 8, 2, 1;
T_1.7 ;
; Save base=8 wid=1 in lookaside.
    %set/v v011B57E8_0, 8, 1;
    %ix/load 1, 39, 0;
    %mov 4, 0, 1;
    %jmp/1 T_1.8, 4;
    %load/x1p 8, v011B5210_0, 1;
    %jmp T_1.9;
T_1.8 ;
    %mov 8, 2, 1;
T_1.9 ;
; Save base=8 wid=1 in lookaside.
    %set/v v01170F48_0, 8, 1;
    %ix/load 1, 37, 0;
    %mov 4, 0, 1;
    %jmp/1 T_1.10, 4;
    %load/x1p 8, v011B5210_0, 2;
    %jmp T_1.11;
T_1.10 ;
    %mov 8, 2, 2;
T_1.11 ;
; Save base=8 wid=2 in lookaside.
    %set/v v01170FF8_0, 8, 2;
    %ix/load 1, 36, 0;
    %mov 4, 0, 1;
    %jmp/1 T_1.12, 4;
    %load/x1p 8, v011B5210_0, 1;
    %jmp T_1.13;
T_1.12 ;
    %mov 8, 2, 1;
T_1.13 ;
; Save base=8 wid=1 in lookaside.
    %set/v v011713C0_0, 8, 1;
    %ix/load 1, 35, 0;
    %mov 4, 0, 1;
    %jmp/1 T_1.14, 4;
    %load/x1p 8, v011B5210_0, 1;
    %jmp T_1.15;
T_1.14 ;
    %mov 8, 2, 1;
T_1.15 ;
; Save base=8 wid=1 in lookaside.
    %set/v v01171418_0, 8, 1;
    %ix/load 1, 34, 0;
    %mov 4, 0, 1;
    %jmp/1 T_1.16, 4;
    %load/x1p 8, v011B5210_0, 1;
    %jmp T_1.17;
T_1.16 ;
    %mov 8, 2, 1;
T_1.17 ;
; Save base=8 wid=1 in lookaside.
    %set/v v011710A8_0, 8, 1;
    %ix/load 1, 33, 0;
    %mov 4, 0, 1;
    %jmp/1 T_1.18, 4;
    %load/x1p 8, v011B5210_0, 1;
    %jmp T_1.19;
T_1.18 ;
    %mov 8, 2, 1;
T_1.19 ;
; Save base=8 wid=1 in lookaside.
    %set/v v011B59A0_0, 8, 1;
    %ix/load 1, 32, 0;
    %mov 4, 0, 1;
    %jmp/1 T_1.20, 4;
    %load/x1p 8, v011B5210_0, 1;
    %jmp T_1.21;
T_1.20 ;
    %mov 8, 2, 1;
T_1.21 ;
; Save base=8 wid=1 in lookaside.
    %set/v v011B5AA8_0, 8, 1;
    %ix/load 1, 31, 0;
    %mov 4, 0, 1;
    %jmp/1 T_1.22, 4;
    %load/x1p 8, v011B5210_0, 1;
    %jmp T_1.23;
T_1.22 ;
    %mov 8, 2, 1;
T_1.23 ;
; Save base=8 wid=1 in lookaside.
    %set/v v011B5370_0, 8, 1;
    %ix/load 1, 30, 0;
    %mov 4, 0, 1;
    %jmp/1 T_1.24, 4;
    %load/x1p 8, v011B5210_0, 1;
    %jmp T_1.25;
T_1.24 ;
    %mov 8, 2, 1;
T_1.25 ;
; Save base=8 wid=1 in lookaside.
    %set/v v011B5420_0, 8, 1;
    %ix/load 1, 29, 0;
    %mov 4, 0, 1;
    %jmp/1 T_1.26, 4;
    %load/x1p 8, v011B5210_0, 1;
    %jmp T_1.27;
T_1.26 ;
    %mov 8, 2, 1;
T_1.27 ;
; Save base=8 wid=1 in lookaside.
    %set/v v011B50B0_0, 8, 1;
    %ix/load 1, 28, 0;
    %mov 4, 0, 1;
    %jmp/1 T_1.28, 4;
    %load/x1p 8, v011B5210_0, 1;
    %jmp T_1.29;
T_1.28 ;
    %mov 8, 2, 1;
T_1.29 ;
; Save base=8 wid=1 in lookaside.
    %set/v v01171050_0, 8, 1;
    %ix/load 1, 27, 0;
    %mov 4, 0, 1;
    %jmp/1 T_1.30, 4;
    %load/x1p 8, v011B5210_0, 1;
    %jmp T_1.31;
T_1.30 ;
    %mov 8, 2, 1;
T_1.31 ;
; Save base=8 wid=1 in lookaside.
    %set/v v01170FA0_0, 8, 1;
    %ix/load 1, 21, 0;
    %mov 4, 0, 1;
    %jmp/1 T_1.32, 4;
    %load/x1p 8, v011B5210_0, 6;
    %jmp T_1.33;
T_1.32 ;
    %mov 8, 2, 6;
T_1.33 ;
; Save base=8 wid=6 in lookaside.
    %set/v v011B5478_0, 8, 6;
    %ix/load 1, 20, 0;
    %mov 4, 0, 1;
    %jmp/1 T_1.34, 4;
    %load/x1p 8, v011B5210_0, 1;
    %jmp T_1.35;
T_1.34 ;
    %mov 8, 2, 1;
T_1.35 ;
; Save base=8 wid=1 in lookaside.
    %set/v v01171208_0, 8, 1;
    %ix/load 1, 18, 0;
    %mov 4, 0, 1;
    %jmp/1 T_1.36, 4;
    %load/x1p 8, v011B5210_0, 2;
    %jmp T_1.37;
T_1.36 ;
    %mov 8, 2, 2;
T_1.37 ;
; Save base=8 wid=2 in lookaside.
    %set/v v011B54D0_0, 8, 2;
    %ix/load 1, 14, 0;
    %mov 4, 0, 1;
    %jmp/1 T_1.38, 4;
    %load/x1p 8, v011B5210_0, 4;
    %jmp T_1.39;
T_1.38 ;
    %mov 8, 2, 4;
T_1.39 ;
; Save base=8 wid=4 in lookaside.
    %set/v v011B5058_0, 8, 4;
    %ix/load 1, 7, 0;
    %mov 4, 0, 1;
    %jmp/1 T_1.40, 4;
    %load/x1p 8, v011B5210_0, 7;
    %jmp T_1.41;
T_1.40 ;
    %mov 8, 2, 7;
T_1.41 ;
; Save base=8 wid=7 in lookaside.
    %set/v v01170E98_0, 8, 7;
    %ix/load 1, 6, 0;
    %mov 4, 0, 1;
    %jmp/1 T_1.42, 4;
    %load/x1p 8, v011B5210_0, 1;
    %jmp T_1.43;
T_1.42 ;
    %mov 8, 2, 1;
T_1.43 ;
; Save base=8 wid=1 in lookaside.
    %set/v v01171368_0, 8, 1;
    %ix/load 1, 5, 0;
    %mov 4, 0, 1;
    %jmp/1 T_1.44, 4;
    %load/x1p 8, v011B5210_0, 1;
    %jmp T_1.45;
T_1.44 ;
    %mov 8, 2, 1;
T_1.45 ;
; Save base=8 wid=1 in lookaside.
    %set/v v01170EF0_0, 8, 1;
    %ix/load 1, 3, 0;
    %mov 4, 0, 1;
    %jmp/1 T_1.46, 4;
    %load/x1p 8, v011B5210_0, 2;
    %jmp T_1.47;
T_1.46 ;
    %mov 8, 2, 2;
T_1.47 ;
; Save base=8 wid=2 in lookaside.
    %set/v v011B59F8_0, 8, 2;
    %load/v 8, v011B5210_0, 3; Only need 3 of 44 bits
; Save base=8 wid=3 in lookaside.
    %set/v v011B5898_0, 8, 3;
    %load/v 8, v011B5B00_0, 7;
    %set/v v011B5528_0, 8, 7;
    %jmp T_1;
    .thread T_1;
    .scope S_011621A8;
T_2 ;
    %wait E_0116AB30;
    %load/v 8, v011712B8_0, 2;
    %cmpi/u 8, 0, 2;
    %jmp/1 T_2.0, 6;
    %cmpi/u 8, 1, 2;
    %jmp/1 T_2.1, 6;
    %cmpi/u 8, 2, 2;
    %jmp/1 T_2.2, 6;
    %jmp T_2.3;
T_2.0 ;
    %load/v 8, v01171578_0, 1;
    %ix/load 0, 1, 0;
    %assign/v0 v01171100_0, 0, 8;
    %jmp T_2.3;
T_2.1 ;
    %load/v 8, v011714C8_0, 1;
    %ix/load 0, 1, 0;
    %assign/v0 v01171100_0, 0, 8;
    %jmp T_2.3;
T_2.2 ;
    %load/v 8, v01171158_0, 1;
    %ix/load 0, 1, 0;
    %assign/v0 v01171100_0, 0, 8;
    %jmp T_2.3;
T_2.3 ;
    %jmp T_2;
    .thread T_2, $push;
    .scope S_01162010;
T_3 ;
    %wait E_0116A950;
    %load/v 8, v01171260_0, 1;
    %jmp/0xz  T_3.0, 8;
    %load/v 8, v01171470_0, 1;
    %inv 8, 1;
    %ix/load 0, 1, 0;
    %assign/v0 v011711B0_0, 0, 8;
    %jmp T_3.1;
T_3.0 ;
    %load/v 8, v01171470_0, 1;
    %ix/load 0, 1, 0;
    %assign/v0 v011711B0_0, 0, 8;
T_3.1 ;
    %jmp T_3;
    .thread T_3, $push;
    .scope S_01161E78;
T_4 ;
    %wait E_0116AC50;
    %load/v 8, v01171520_0, 3;
    %cmpi/u 8, 0, 3;
    %jmp/1 T_4.0, 6;
    %cmpi/u 8, 1, 3;
    %jmp/1 T_4.1, 6;
    %cmpi/u 8, 2, 3;
    %jmp/1 T_4.2, 6;
    %cmpi/u 8, 3, 3;
    %jmp/1 T_4.3, 6;
    %cmpi/u 8, 4, 3;
    %jmp/1 T_4.4, 6;
    %cmpi/u 8, 5, 3;
    %jmp/1 T_4.5, 6;
    %cmpi/u 8, 6, 3;
    %jmp/1 T_4.6, 6;
    %jmp T_4.7;
T_4.0 ;
    %ix/load 0, 2, 0;
    %assign/v0 v012EED38_0, 0, 0;
    %jmp T_4.7;
T_4.1 ;
    %movi 8, 1, 2;
    %ix/load 0, 2, 0;
    %assign/v0 v012EED38_0, 0, 8;
    %jmp T_4.7;
T_4.2 ;
    %movi 8, 2, 2;
    %ix/load 0, 2, 0;
    %assign/v0 v012EED38_0, 0, 8;
    %jmp T_4.7;
T_4.3 ;
    %ix/load 0, 2, 0;
    %assign/v0 v012EED38_0, 0, 1;
    %jmp T_4.7;
T_4.4 ;
    %load/v 8, v011715D0_0, 1;
    %inv 8, 1;
    %jmp/0xz  T_4.8, 8;
    %movi 8, 2, 2;
    %ix/load 0, 2, 0;
    %assign/v0 v012EED38_0, 0, 8;
    %jmp T_4.9;
T_4.8 ;
    %ix/load 0, 2, 0;
    %assign/v0 v012EED38_0, 0, 0;
T_4.9 ;
    %jmp T_4.7;
T_4.5 ;
    %load/v 8, v011715D0_0, 1;
    %inv 8, 1;
    %jmp/0xz  T_4.10, 8;
    %movi 8, 2, 2;
    %ix/load 0, 2, 0;
    %assign/v0 v012EED38_0, 0, 8;
    %jmp T_4.11;
T_4.10 ;
    %movi 8, 1, 2;
    %ix/load 0, 2, 0;
    %assign/v0 v012EED38_0, 0, 8;
T_4.11 ;
    %jmp T_4.7;
T_4.6 ;
    %load/v 8, v011715D0_0, 1;
    %inv 8, 1;
    %jmp/0xz  T_4.12, 8;
    %movi 8, 1, 2;
    %ix/load 0, 2, 0;
    %assign/v0 v012EED38_0, 0, 8;
    %jmp T_4.13;
T_4.12 ;
    %ix/load 0, 2, 0;
    %assign/v0 v012EED38_0, 0, 1;
T_4.13 ;
    %jmp T_4.7;
T_4.7 ;
    %jmp T_4;
    .thread T_4, $push;
    .scope S_01161BD0;
T_5 ;
    %wait E_0116AAF0;
    %load/v 8, v0117C4C0_0, 2;
    %cmpi/u 8, 0, 2;
    %jmp/1 T_5.0, 6;
    %cmpi/u 8, 1, 2;
    %jmp/1 T_5.1, 6;
    %cmpi/u 8, 2, 2;
    %jmp/1 T_5.2, 6;
    %cmpi/u 8, 3, 2;
    %jmp/1 T_5.3, 6;
    %jmp T_5.4;
T_5.0 ;
    %load/v 8, v012ED3A8_0, 7;
    %ix/load 0, 7, 0;
    %assign/v0 v012EECE0_0, 0, 8;
    %jmp T_5.4;
T_5.1 ;
    %load/v 8, v0117C410_0, 7;
    %ix/load 0, 7, 0;
    %assign/v0 v012EECE0_0, 0, 8;
    %jmp T_5.4;
T_5.2 ;
    %load/v 8, v012ED350_0, 7;
    %ix/load 0, 7, 0;
    %assign/v0 v012EECE0_0, 0, 8;
    %jmp T_5.4;
T_5.3 ;
    %load/v 8, v0117C468_0, 7;
    %ix/load 0, 7, 0;
    %assign/v0 v012EECE0_0, 0, 8;
    %jmp T_5.4;
T_5.4 ;
    %jmp T_5;
    .thread T_5, $push;
    .scope S_01161B48;
T_6 ;
    %wait E_0116A930;
    %ix/load 0, 1, 0;
    %load/vp0 8, v01178428_0, 7;
    %ix/load 0, 7, 0;
    %assign/v0 v012ED2F8_0, 0, 8;
    %jmp T_6;
    .thread T_6, $push;
    .scope S_01161AC0;
T_7 ;
    %wait E_0116AA50;
    %load/v 8, v01179D48_0, 1;
    %jmp/0xz  T_7.0, 8;
    %load/v 8, v01178378_0, 7;
    %ix/load 0, 7, 0;
    %assign/v0 v011783D0_0, 0, 8;
T_7.0 ;
    %jmp T_7;
    .thread T_7;
    .scope S_011619B0;
T_8 ;
    %wait E_0116ABD0;
    %load/v 8, v012EB928_0, 32;
    %movi 40, 33, 6;
    %mov 46, 3, 20;
    %movi 66, 0, 6;
    %cmp/z 8, 40, 32;
    %jmp/1 T_8.0, 4;
    %mov 72, 3, 26;
    %movi 98, 40, 6;
    %cmp/z 8, 72, 32;
    %jmp/1 T_8.1, 4;
    %mov 104, 3, 26;
    %movi 130, 4, 6;
    %cmp/z 8, 104, 32;
    %jmp/1 T_8.2, 4;
    %set/v v01179CF0_0, 0, 7;
    %jmp T_8.4;
T_8.0 ;
    %movi 8, 5, 7;
    %set/v v01179CF0_0, 8, 7;
    %jmp T_8.4;
T_8.1 ;
    %movi 8, 6, 7;
    %set/v v01179CF0_0, 8, 7;
    %jmp T_8.4;
T_8.2 ;
    %movi 8, 10, 7;
    %set/v v01179CF0_0, 8, 7;
    %jmp T_8.4;
T_8.4 ;
    %jmp T_8;
    .thread T_8, $push;
    .scope S_011618A0;
T_9 ;
    %set/v v011B6428_0, 0, 1;
    %movi 8, 26, 6;
T_9.0 %cmp/s 0, 8, 6;
    %jmp/0xz T_9.1, 5;
    %add 8, 1, 6;
    %delay 1, 0;
    %load/v 14, v011B6428_0, 1;
    %inv 14, 1;
    %set/v v011B6428_0, 14, 1;
    %jmp T_9.0;
T_9.1 ;
    %end;
    .thread T_9;
    .scope S_011618A0;
T_10 ;
    %set/v v011B6110_0, 1, 1;
    %delay 2, 0;
    %set/v v011B6110_0, 0, 1;
    %end;
    .thread T_10;
    .scope S_011618A0;
T_11 ;
    %set/v v011B60B8_0, 0, 1;
    %set/v v011B6060_0, 0, 1;
    %set/v v011B6638_0, 0, 1;
    %movi 8, 1, 7;
    %set/v v011B55D8_0, 8, 7;
    %movi 8, 272760875, 32;
    %set/v v011B6270_0, 8, 32;
    %end;
    .thread T_11;
    .scope S_011618A0;
T_12 ;
    %wait E_0116A770;
    %set/v v011B60B8_0, 0, 1;
    %delay 4, 0;
    %set/v v011B60B8_0, 1, 1;
    %jmp T_12;
    .thread T_12;
    .scope S_011618A0;
T_13 ;
    %wait E_0116A1B0;
    %load/v 8, v011B5E18_0, 4;
    %cmpi/u 8, 15, 4;
    %jmp/0xz  T_13.0, 4;
    %set/v v011B6060_0, 1, 1;
T_13.0 ;
    %jmp T_13;
    .thread T_13, $push;
    .scope S_011618A0;
T_14 ;
    %vpi_call 2 91 "$display", "CState|IRld|PCld|nPCld|RFld|MA|MB|MC|ME|MF|MPA|MP|MR|RW|MOV|MDRld|MARld|  OpC |Cin|SSE| OP |   CR  |Inv|IncRld| S|  N |clk|               time";
    %vpi_call 2 92 "$monitor", "%d     %b    %b     %b    %b   %b  %b %b  %b  %b   %b  %b  %b  %b   %b    %b     %b   %b  %b  %b  %b %b  %b     %b   %b  %b  %b %d", v011B6A58_0, v011B56E0_0, v011B5F20_0, v011B61C0_0, v011B5EC8_0, v011B5A50_0, v011B52C0_0, v011B5C08_0, v011B5DC0_0, v011B5D10_0, v011B5C60_0, v011B5FD0_0, v011B5CB8_0, v011B5F78_0, v011B5BB0_0, v011B5B58_0, v011B5840_0, v011B5E70_0, v011B5268_0, v011B6530_0, v011B5E18_0, v011B5948_0, v011B5688_0, v011B5318_0, v011B6AB0_0, v011B5D68_0, v011B6428_0, $time;
    %end;
    .thread T_14;
# The file index is used to find the file name in the following table.
:file_names 7;
    "N/A";
    "<interactive>";
    "ControlUnit.v";
    "./Microstore.v";
    "./ControlRegister.v";
    "./State_Selection.v";
    "./State_Encoder.v";
