#! /c/iverilog/bin/vvp
:ivl_version "0.9.7 " "(v0_9_7)";
:vpi_time_precision + 0;
:vpi_module "system";
:vpi_module "v2005_math";
:vpi_module "va_math";
S_011BE710 .scope module, "DataPath_tb" "DataPath_tb" 2 4;
 .timescale 0 0;
v0121A540_0 .var "Address", 8 0;
v01219A98_0 .var "Cond", 0 0;
v0121A9B8_0 .net "DMOC", 0 0, v0117E888_0; 1 drivers
v0121A960_0 .net "DataIn", 31 0, v01218F60_0; 1 drivers
v0121A6A0_0 .net "DataOut", 31 0, v011714E8_0; 1 drivers
v0121AA10_0 .net "IR", 31 0, L_01226D48; 1 drivers
v0121A598_0 .net "MAR", 31 0, L_01226C30; 1 drivers
v0121A5F0_0 .net "MOC", 0 0, v01216638_0; 1 drivers
v0121A7A8_0 .net "MOV", 0 0, L_01226F78; 1 drivers
v0121A648_0 .net "OpC", 5 0, L_01226FB0; 1 drivers
v0121A6F8_0 .var "OpCode", 5 0;
v0121A750_0 .net "PC", 31 0, L_01226B18; 1 drivers
v0121A8B0_0 .net "RW", 0 0, L_01226F40; 1 drivers
v0121A800_0 .net "aState", 6 0, L_01226D10; 1 drivers
v0121A858_0 .var "clk", 0 0;
v0121A908_0 .var/i "code", 31 0;
v0121AEC0_0 .var "data", 31 0;
v0121B1D8_0 .var/i "fi", 31 0;
v0121ADB8_0 .net "nPC", 31 0, L_01226CD8; 1 drivers
v0121AC58_0 .var "reset", 0 0;
E_011DFCD8 .event edge, v01217840_0;
L_01224FA8 .part L_01226C30, 0, 9;
S_011BEBD8 .scope module, "DP" "DataPath" 2 12, 3 5, S_011BE710;
 .timescale 0 0;
L_01226D10 .functor BUFZ 7, v01218218_0, C4<0000000>, C4<0000000>, C4<0000000>;
L_01226D48 .functor BUFZ 32, v01217630_0, C4<00000000000000000000000000000000>, C4<00000000000000000000000000000000>, C4<00000000000000000000000000000000>;
L_01226C30 .functor BUFZ 32, v01217738_0, C4<00000000000000000000000000000000>, C4<00000000000000000000000000000000>, C4<00000000000000000000000000000000>;
L_01226B18 .functor BUFZ 32, v01216C90_0, C4<00000000000000000000000000000000>, C4<00000000000000000000000000000000>, C4<00000000000000000000000000000000>;
L_01226CD8 .functor BUFZ 32, v01217160_0, C4<00000000000000000000000000000000>, C4<00000000000000000000000000000000>, C4<00000000000000000000000000000000>;
L_01226F40 .functor BUFZ 1, v01217D48_0, C4<0>, C4<0>, C4<0>;
L_01226F78 .functor BUFZ 1, v012180B8_0, C4<0>, C4<0>, C4<0>;
L_01226FB0 .functor BUFZ 6, v01218168_0, C4<000000>, C4<000000>, C4<000000>;
v01218B40_0 .var "ALU_out", 31 0;
v01219118_0 .net "Cin", 0 0, v01218530_0; 1 drivers
v01218BF0_0 .net "Cond", 0 0, v01219A98_0; 1 drivers
v012191C8_0 .alias "DMOC", 0 0, v0121A9B8_0;
v01218F60_0 .var "DataIn", 31 0;
v01219220_0 .alias "DataIn_o", 31 0, v0121A960_0;
v01219328_0 .alias "DataOut", 31 0, v0121A6A0_0;
v01219068_0 .net "IR", 31 0, v01217630_0; 1 drivers
v01218C48_0 .alias "IR_o", 31 0, v0121AA10_0;
v012190C0_0 .net "IRld", 0 0, v01217A88_0; 1 drivers
v01219488_0 .net "MA", 0 0, v01218378_0; 1 drivers
v01218E00_0 .alias "MAR_o", 31 0, v0121A598_0;
v01218CA0_0 .net "MAR_out", 31 0, v01217738_0; 1 drivers
v01218E58_0 .net "MARld", 0 0, v01218428_0; 1 drivers
v01218EB0_0 .net "MB", 1 0, v01217C98_0; 1 drivers
v01218F08_0 .net "MC", 0 0, v012183D0_0; 1 drivers
v01219170_0 .net "MDRld", 0 0, v01218110_0; 1 drivers
v01219FC0_0 .net "ME", 0 0, v01218060_0; 1 drivers
v01219B48_0 .net "MF", 0 0, v01218270_0; 1 drivers
v01219AF0_0 .alias "MOC", 0 0, v0121A5F0_0;
v01219D58_0 .net "MOV", 0 0, v012180B8_0; 1 drivers
v0121A1D0_0 .alias "MOV_o", 0 0, v0121A7A8_0;
v01219F68_0 .net "MP", 0 0, v012184D8_0; 1 drivers
v01219E60_0 .net "MPA", 0 0, v01217BE8_0; 1 drivers
v0121A228_0 .net "MR", 0 0, v01217B38_0; 1 drivers
v0121A3E0_0 .net "MUXE_out", 31 0, v01216740_0; 1 drivers
v0121A330_0 .net "MUXF_out", 5 0, v01216378_0; 1 drivers
v0121A018_0 .net "MUXP_out", 31 0, v012179A0_0; 1 drivers
v01219C50_0 .net "MUXR_out", 31 0, v012167F0_0; 1 drivers
v01219CA8_0 .net "OP", 3 0, v01217E50_0; 1 drivers
v0121A280_0 .net "OpC", 5 0, v01218168_0; 1 drivers
v0121A490_0 .alias "OpC_o", 5 0, v0121A648_0;
v01219F10_0 .alias "PC_o", 31 0, v0121A750_0;
v0121A438_0 .net "PC_out", 31 0, v01216C90_0; 1 drivers
v01219BA0_0 .net "PCld", 0 0, v012181C0_0; 1 drivers
v01219D00_0 .net "RFld", 0 0, v01218008_0; 1 drivers
v01219DB0_0 .net "RW", 0 0, v01217D48_0; 1 drivers
v01219E08_0 .alias "RW_o", 0 0, v0121A8B0_0;
v01219EB8_0 .net "SSE", 1 0, v01217CF0_0; 1 drivers
v0121A070_0 .alias "aState", 6 0, v0121A800_0;
v0121A4E8_0 .net "activeState", 6 0, v01218218_0; 1 drivers
v01219BF8_0 .net "clk", 0 0, v0121A858_0; 1 drivers
v0121A0C8_0 .net "nPC_Adder_out", 31 0, C4<zzzzzzzzzzzzzzzzzzzzzzzzzzzzzzzz>; 0 drivers
v0121A120_0 .alias "nPC_o", 31 0, v0121ADB8_0;
v0121A2D8_0 .net "nPC_out", 31 0, v01217160_0; 1 drivers
v0121A178_0 .net "nPCld", 0 0, v01217B90_0; 1 drivers
v0121A388_0 .net "reset", 0 0, v0121AC58_0; 1 drivers
L_01225528 .part v01217630_0, 26, 6;
S_011BEE80 .scope module, "CU" "ControlUnit" 3 35, 4 6, S_011BEBD8;
 .timescale 0 0;
v01218848_0 .net "CR", 6 0, v01218480_0; 1 drivers
v01218740_0 .alias "Cin", 0 0, v01219118_0;
v012188F8_0 .alias "Cond", 0 0, v01218BF0_0;
v012189A8_0 .alias "DMOC", 0 0, v0121A9B8_0;
v012188A0_0 .var "HC1", 6 0;
v01218950_0 .alias "IR", 31 0, v01219068_0;
v01218A00_0 .alias "IRld", 0 0, v012190C0_0;
v01218690_0 .net "IncRld", 0 0, v01217DA0_0; 1 drivers
v01218588_0 .net "Incrementer", 6 0, v01217058_0; 1 drivers
v01218798_0 .net "Inv", 0 0, v01217AE0_0; 1 drivers
v012185E0_0 .net "M", 1 0, v01217420_0; 1 drivers
v01218638_0 .alias "MA", 0 0, v01219488_0;
v012186E8_0 .alias "MARld", 0 0, v01218E58_0;
v01219590_0 .alias "MB", 1 0, v01218EB0_0;
v012196F0_0 .alias "MC", 0 0, v01218F08_0;
v012197A0_0 .alias "MDRld", 0 0, v01219170_0;
v01219748_0 .alias "ME", 0 0, v01219FC0_0;
v01219900_0 .alias "MF", 0 0, v01219B48_0;
v012195E8_0 .alias "MOC", 0 0, v0121A5F0_0;
v01219958_0 .alias "MOV", 0 0, v01219D58_0;
v01219640_0 .alias "MP", 0 0, v01219F68_0;
v012197F8_0 .alias "MPA", 0 0, v01219E60_0;
v012199B0_0 .alias "MR", 0 0, v0121A228_0;
v01219698_0 .net "N", 2 0, v01217DF8_0; 1 drivers
v01219850_0 .alias "OP", 3 0, v01219CA8_0;
v012198A8_0 .alias "OpC", 5 0, v0121A280_0;
v01219A08_0 .alias "PCld", 0 0, v01219BA0_0;
v01218FB8_0 .alias "RFld", 0 0, v01219D00_0;
v012193D8_0 .alias "RW", 0 0, v01219DB0_0;
v01218B98_0 .net "S", 1 0, v01217C40_0; 1 drivers
v01219430_0 .alias "SSE", 1 0, v01219EB8_0;
v012194E0_0 .net "StateSignals", 43 0, v01218320_0; 1 drivers
v01219278_0 .net "Sts", 0 0, v01216EF8_0; 1 drivers
v01218CF8_0 .alias "activeState", 6 0, v0121A4E8_0;
v01219538_0 .alias "clk", 0 0, v01219BF8_0;
v01218A90_0 .net "curState", 6 0, v01217F58_0; 1 drivers
v01218AE8_0 .net "encodedOut", 6 0, v01216D40_0; 1 drivers
v012192D0_0 .net "in_inv", 0 0, v012172C0_0; 1 drivers
v01218D50_0 .alias "nPCld", 0 0, v0121A178_0;
v01219380_0 .net "out_Mux_StateSlct", 6 0, v01216FA8_0; 1 drivers
v01218DA8_0 .net "out_adder", 6 0, v01217210_0; 1 drivers
v01219010_0 .alias "reset", 0 0, v0121A388_0;
S_011BF678 .scope module, "Mstore" "Microstore" 4 22, 5 1, S_011BEE80;
 .timescale 0 0;
v01217F58_0 .var "activeState", 6 0;
v01217FB0_0 .alias "currentState", 6 0, v01219380_0;
v01218320_0 .var "currentStateSignals", 43 0;
v012187F0_0 .alias "reset", 0 0, v0121A388_0;
E_011E05F8 .event edge, v012187F0_0, v012173C8_0;
S_011BF128 .scope module, "CReg" "ControlRegister" 4 29, 6 1, S_011BEE80;
 .timescale 0 0;
v01218480_0 .var "CR", 6 0;
v01218530_0 .var "Cin", 0 0;
v01217A88_0 .var "IRld", 0 0;
v01217DA0_0 .var "IncRld", 0 0;
v01217AE0_0 .var "Inv", 0 0;
v01218378_0 .var "MA", 0 0;
v01218428_0 .var "MARld", 0 0;
v01217C98_0 .var "MB", 1 0;
v012183D0_0 .var "MC", 0 0;
v01218110_0 .var "MDRld", 0 0;
v01218060_0 .var "ME", 0 0;
v01218270_0 .var "MF", 0 0;
v012180B8_0 .var "MOV", 0 0;
v012184D8_0 .var "MP", 0 0;
v01217BE8_0 .var "MPA", 0 0;
v01217B38_0 .var "MR", 0 0;
v01217DF8_0 .var "N", 2 0;
v01217E50_0 .var "OP", 3 0;
v01218168_0 .var "OpC", 5 0;
v012181C0_0 .var "PCld", 0 0;
v01218008_0 .var "RFld", 0 0;
v01217D48_0 .var "RW", 0 0;
v01217C40_0 .var "S", 1 0;
v01217CF0_0 .var "SSE", 1 0;
v01218218_0 .var "activeState", 6 0;
v01217F00_0 .alias "clk", 0 0, v01219BF8_0;
v01217EA8_0 .alias "curState", 6 0, v01218A90_0;
v012182C8_0 .alias "currentStateSignals", 43 0, v012194E0_0;
v01217B90_0 .var "nPCld", 0 0;
S_011BEF90 .scope module, "cond_mux" "Condition_Mux" 4 44, 7 1, S_011BEE80;
 .timescale 0 0;
v01216B88_0 .alias "S", 1 0, v01218B98_0;
v01217000_0 .alias "cond", 0 0, v01218BF0_0;
v01217108_0 .alias "dmoc", 0 0, v0121A9B8_0;
v01216C38_0 .alias "moc", 0 0, v0121A5F0_0;
v012172C0_0 .var "out", 0 0;
E_011DFFF8 .event edge, v01216B88_0, v0117E888_0, v01217000_0, v01216638_0;
S_011BF920 .scope module, "inverter" "Inverter" 4 45, 7 10, S_011BEE80;
 .timescale 0 0;
v01216B30_0 .alias "in", 0 0, v012192D0_0;
v012170B0_0 .alias "inv", 0 0, v01218798_0;
v01216EF8_0 .var "out", 0 0;
E_011DFF78 .event edge, v01216B30_0, v012170B0_0;
S_011BF2C0 .scope module, "nsas" "Next_State_Address_Selector" 4 46, 7 17, S_011BEE80;
 .timescale 0 0;
v01217420_0 .var "M", 1 0;
v01216BE0_0 .alias "N", 2 0, v01219698_0;
v01216AD8_0 .alias "sts", 0 0, v01219278_0;
E_011DFEF8 .event edge, v01216AD8_0, v01216BE0_0;
S_011BF0A0 .scope module, "state_select_mux" "State_Selector_Mux" 4 47, 7 36, S_011BEE80;
 .timescale 0 0;
v01217268_0 .alias "CR", 6 0, v01218848_0;
v01216EA0_0 .alias "Encoder", 6 0, v01218AE8_0;
v01217528_0 .net "HC1", 6 0, v012188A0_0; 1 drivers
v01216DF0_0 .alias "Incrementer", 6 0, v01218588_0;
v012174D0_0 .alias "M", 1 0, v012185E0_0;
v01216FA8_0 .var "state", 6 0;
E_011DFB18/0 .event edge, v01217058_0, v01217268_0, v01217528_0, v01217370_0;
E_011DFB18/1 .event edge, v012174D0_0;
E_011DFB18 .event/or E_011DFB18/0, E_011DFB18/1;
S_011BFD60 .scope module, "adder" "IncReg_Adder" 4 48, 7 46, S_011BEE80;
 .timescale 0 0;
v012173C8_0 .alias "C_state", 6 0, v01219380_0;
v01217210_0 .var "N_state", 6 0;
E_011DFD38 .event edge, v012173C8_0;
S_011BFBC8 .scope module, "incr_reg" "Incrementer_Reg" 4 49, 7 51, S_011BEE80;
 .timescale 0 0;
v01217318_0 .alias "Ld", 0 0, v01218690_0;
v01216CE8_0 .alias "clk", 0 0, v01219BF8_0;
v01216E48_0 .alias "inc_state", 6 0, v01218DA8_0;
v01217058_0 .var "state", 6 0;
S_011BF238 .scope module, "IRencodedOut" "Encoder" 4 52, 8 1, S_011BEE80;
 .timescale 0 0;
v012171B8_0 .alias "Instruction", 31 0, v01219068_0;
v01217370_0 .alias "State_Sel", 6 0, v01218AE8_0;
v01216D40_0 .var "state_tmp", 6 0;
E_011DFCF8 .event edge, v01217630_0;
S_011BEDF8 .scope module, "PC" "Registers" 3 48, 9 5, S_011BEBD8;
 .timescale 0 0;
v01216D98_0 .alias "LE", 0 0, v01219BA0_0;
v01216F50_0 .alias "clk", 0 0, v01219BF8_0;
v01216A80_0 .alias "in", 31 0, v0121A2D8_0;
v01216C90_0 .var "out", 31 0;
S_011BED70 .scope module, "nPC" "Registers" 3 49, 9 5, S_011BEBD8;
 .timescale 0 0;
v01217898_0 .alias "LE", 0 0, v0121A178_0;
v01217688_0 .alias "clk", 0 0, v01219BF8_0;
v01217478_0 .alias "in", 31 0, v0121A018_0;
v01217160_0 .var "out", 31 0;
S_011BECE8 .scope module, "InstructionRegister" "Registers" 3 50, 9 5, S_011BEBD8;
 .timescale 0 0;
v012176E0_0 .alias "LE", 0 0, v012190C0_0;
v01217790_0 .alias "clk", 0 0, v01219BF8_0;
v012179F8_0 .alias "in", 31 0, v0121A6A0_0;
v01217630_0 .var "out", 31 0;
S_011BE248 .scope module, "MAR" "Registers" 3 51, 9 5, S_011BEBD8;
 .timescale 0 0;
v01217948_0 .alias "LE", 0 0, v01218E58_0;
v01217840_0 .alias "clk", 0 0, v01219BF8_0;
v01217580_0 .alias "in", 31 0, v01219C50_0;
v01217738_0 .var "out", 31 0;
E_011DFDF8 .event posedge, v01217840_0;
S_011BE138 .scope module, "MUXP" "Mux_2x1_32b" 3 54, 10 1, S_011BEBD8;
 .timescale 0 0;
v012178F0_0 .net "in_0", 31 0, v01218B40_0; 1 drivers
v012177E8_0 .alias "in_1", 31 0, v0121A0C8_0;
v012179A0_0 .var "out", 31 0;
v012175D8_0 .alias "select", 0 0, v01219F68_0;
E_011DFDB8 .event edge, v012175D8_0, v012177E8_0, v012168F8_0;
S_011BE028 .scope module, "MUXE" "Mux_2x1_32b" 3 55, 10 1, S_011BEBD8;
 .timescale 0 0;
v012163D0_0 .alias "in_0", 31 0, v0121A6A0_0;
v01216690_0 .alias "in_1", 31 0, v012178F0_0;
v01216740_0 .var "out", 31 0;
v012166E8_0 .alias "select", 0 0, v01219FC0_0;
E_011DFE58 .event edge, v012166E8_0, v012168F8_0, v011714E8_0;
S_011BDFA0 .scope module, "MUXR" "Mux_2x1_32b" 3 56, 10 1, S_011BEBD8;
 .timescale 0 0;
v012168F8_0 .alias "in_0", 31 0, v012178F0_0;
v01216588_0 .alias "in_1", 31 0, v0121A438_0;
v012167F0_0 .var "out", 31 0;
v012165E0_0 .alias "select", 0 0, v0121A228_0;
E_011DFC58 .event edge, v012165E0_0, v01216588_0, v012168F8_0;
S_011BEC60 .scope module, "MUXF" "Mux_2x1_6b" 3 58, 10 17, S_011BEBD8;
 .timescale 0 0;
v01216848_0 .alias "in_0", 5 0, v0121A280_0;
v01216320_0 .net "in_1", 5 0, L_01225528; 1 drivers
v01216378_0 .var "out", 5 0;
v012168A0_0 .alias "select", 0 0, v01219B48_0;
E_011DFD18 .event edge, v012168A0_0, v01216320_0, v01216848_0;
S_011BE820 .scope module, "ram1" "ram512x8" 2 16, 11 5, S_011BE710;
 .timescale 0 0;
v011C29C0_0 .net "Address", 8 0, L_01224FA8; 1 drivers
v0117E888_0 .var "DMOC", 0 0;
v0116FF38_0 .alias "DataIn", 31 0, v0121A960_0;
v011714E8_0 .var "DataOut", 31 0;
v01216638_0 .var "MOC", 0 0;
v01216950_0 .alias "MOV", 0 0, v0121A7A8_0;
v01216798 .array "Mem", 511 0, 7 0;
v01216270_0 .alias "OpCode", 5 0, v0121A648_0;
v012169A8_0 .alias "ReadWrite", 0 0, v0121A8B0_0;
v01216428_0 .var "dwAddress", 8 0;
v012162C8_0 .var "hwAddress", 8 0;
v012164D8_0 .var "ones", 7 0;
v01216480_0 .var "wAddress", 8 0;
v01216530_0 .var "zeroes", 7 0;
E_011DFBF8 .event posedge, v01216950_0;
S_011BEB50 .scope module, "Mux_2x1_5b" "Mux_2x1_5b" 10 9;
 .timescale 0 0;
v0121B4F0_0 .net "in_0", 4 0, C4<zzzzz>; 0 drivers
v0121B230_0 .net "in_1", 4 0, C4<zzzzz>; 0 drivers
v0121B288_0 .var "out", 4 0;
v0121B0D0_0 .net "select", 0 0, C4<z>; 0 drivers
E_011E04F8 .event edge, v0121B0D0_0, v0121B230_0, v0121B4F0_0;
S_011BEF08 .scope module, "Mux_4x1_32b" "Mux_4x1_32b" 10 25;
 .timescale 0 0;
v0121AD60_0 .net "in_0", 31 0, C4<zzzzzzzzzzzzzzzzzzzzzzzzzzzzzzzz>; 0 drivers
v0121AE10_0 .net "in_1", 31 0, C4<zzzzzzzzzzzzzzzzzzzzzzzzzzzzzzzz>; 0 drivers
v0121B020_0 .net "in_2", 31 0, C4<zzzzzzzzzzzzzzzzzzzzzzzzzzzzzzzz>; 0 drivers
v0121AE68_0 .net "in_3", 31 0, C4<zzzzzzzzzzzzzzzzzzzzzzzzzzzzzzzz>; 0 drivers
v0121B2E0_0 .var "out", 31 0;
v0121B128_0 .net "select", 1 0, C4<zz>; 0 drivers
E_011E02B8/0 .event edge, v0121B128_0, v0121AE68_0, v0121B020_0, v0121AE10_0;
E_011E02B8/1 .event edge, v0121AD60_0;
E_011E02B8 .event/or E_011E02B8/0, E_011E02B8/1;
S_011BE798 .scope module, "RegisterFile" "RegisterFile" 9 109;
 .timescale 0 0;
v012255D8_0 .net "Clk", 0 0, C4<z>; 0 drivers
v01225630_0 .net "Ld", 0 0, C4<z>; 0 drivers
v01225E18_0 .net "data", 31 0, C4<zzzzzzzzzzzzzzzzzzzzzzzzzzzzzzzz>; 0 drivers
v012261E0_0 .net "data_mux_A", 31 0, v01223938_0; 1 drivers
v01226810_0 .net "data_mux_B", 31 0, v012234C0_0; 1 drivers
v012268C0_0 .net "dec_enable_reg", 31 0, v01225C60_0; 1 drivers
v01226868_0 .net "r0", 31 0, v01222D88_0; 1 drivers
v012260D8_0 .net "r1", 31 0, v01221BC8_0; 1 drivers
v012264A0_0 .net "r10", 31 0, v012229E0_0; 1 drivers
v01226760_0 .net "r11", 31 0, v012227D0_0; 1 drivers
v01226398_0 .net "r12", 31 0, v012226C8_0; 1 drivers
v01226290_0 .net "r13", 31 0, v012205B0_0; 1 drivers
v01226238_0 .net "r14", 31 0, v01220920_0; 1 drivers
v01226A20_0 .net "r15", 31 0, v01220A28_0; 1 drivers
v01226130_0 .net "r16", 31 0, v0121FB60_0; 1 drivers
v012267B8_0 .net "r17", 31 0, v0121FAB0_0; 1 drivers
v01226970_0 .net "r18", 31 0, v01220500_0; 1 drivers
v01226918_0 .net "r19", 31 0, v0121FED0_0; 1 drivers
v01226188_0 .net "r2", 31 0, v012224B8_0; 1 drivers
v012262E8_0 .net "r20", 31 0, v0121FF80_0; 1 drivers
v012264F8_0 .net "r21", 31 0, v0121FE78_0; 1 drivers
v012269C8_0 .net "r22", 31 0, v01220298_0; 1 drivers
v01226550_0 .net "r23", 31 0, v0121FDC8_0; 1 drivers
v01226340_0 .net "r24", 31 0, v0121B9C0_0; 1 drivers
v012266B0_0 .net "r25", 31 0, v0121B650_0; 1 drivers
v01226658_0 .net "r26", 31 0, v0121B5F8_0; 1 drivers
v012263F0_0 .net "r27", 31 0, v0121B808_0; 1 drivers
v012265A8_0 .net "r28", 31 0, v0121B498_0; 1 drivers
v01226708_0 .net "r29", 31 0, v0121AC00_0; 1 drivers
v01226600_0 .net "r3", 31 0, v01222300_0; 1 drivers
v01226448_0 .net "r30", 31 0, v0121AD08_0; 1 drivers
v01225058_0 .net "r31", 31 0, v0121B180_0; 1 drivers
v01224C90_0 .net "r4", 31 0, v01221B18_0; 1 drivers
v01224F50_0 .net "r5", 31 0, v01221C20_0; 1 drivers
v01224D98_0 .net "r6", 31 0, v01222568_0; 1 drivers
v01225210_0 .net "r7", 31 0, v01221F38_0; 1 drivers
v012252C0_0 .net "r8", 31 0, v01221D28_0; 1 drivers
v01225318_0 .net "r9", 31 0, v01222A38_0; 1 drivers
v012254D0_0 .net "select_reg_A", 4 0, C4<zzzzz>; 0 drivers
v01225108_0 .net "select_reg_B", 4 0, C4<zzzzz>; 0 drivers
v01224EA0_0 .net "write_reg", 4 0, C4<zzzzz>; 0 drivers
L_01225420 .part v01225C60_0, 0, 1;
L_01225478 .part v01225C60_0, 1, 1;
L_01224E48 .part v01225C60_0, 2, 1;
L_01224EF8 .part v01225C60_0, 3, 1;
L_01225370 .part v01225C60_0, 4, 1;
L_01225000 .part v01225C60_0, 5, 1;
L_01225160 .part v01225C60_0, 6, 1;
L_012250B0 .part v01225C60_0, 7, 1;
L_012251B8 .part v01225C60_0, 8, 1;
L_01224B30 .part v01225C60_0, 9, 1;
L_01225268 .part v01225C60_0, 10, 1;
L_01224BE0 .part v01225C60_0, 11, 1;
L_012253C8 .part v01225C60_0, 12, 1;
L_01225580 .part v01225C60_0, 13, 1;
L_01224CE8 .part v01225C60_0, 14, 1;
L_01224D40 .part v01225C60_0, 15, 1;
L_01224AD8 .part v01225C60_0, 16, 1;
L_01224B88 .part v01225C60_0, 17, 1;
L_01224C38 .part v01225C60_0, 18, 1;
L_01224DF0 .part v01225C60_0, 19, 1;
L_01228778 .part v01225C60_0, 20, 1;
L_01228358 .part v01225C60_0, 21, 1;
L_012283B0 .part v01225C60_0, 22, 1;
L_01228670 .part v01225C60_0, 23, 1;
L_01228AE8 .part v01225C60_0, 24, 1;
L_01228568 .part v01225C60_0, 25, 1;
L_012288D8 .part v01225C60_0, 26, 1;
L_01228A90 .part v01225C60_0, 27, 1;
L_01228618 .part v01225C60_0, 28, 1;
L_01228930 .part v01225C60_0, 29, 1;
L_012285C0 .part v01225C60_0, 30, 1;
L_012286C8 .part v01225C60_0, 31, 1;
S_0121BAB0 .scope module, "binary_decoder" "Decoder" 9 120, 9 14, S_011BE798;
 .timescale 0 0;
v01225C60_0 .var "E", 31 0;
v01225CB8_0 .alias "Ld", 0 0, v01225630_0;
v01225D10_0 .alias "select_reg", 4 0, v01224EA0_0;
E_011E0718 .event edge, v01225CB8_0, v01225D10_0;
S_0121CB28 .scope module, "mux_A" "Mux_32x32" 9 122, 9 61, S_011BE798;
 .timescale 0 0;
v01223938_0 .var "data_out", 31 0;
v01223728_0 .alias "r0", 31 0, v01226868_0;
v01223990_0 .alias "r1", 31 0, v012260D8_0;
v01223A40_0 .alias "r10", 31 0, v012264A0_0;
v012235C8_0 .alias "r11", 31 0, v01226760_0;
v01223620_0 .alias "r12", 31 0, v01226398_0;
v01223678_0 .alias "r13", 31 0, v01226290_0;
v012236D0_0 .alias "r14", 31 0, v01226238_0;
v01225948_0 .alias "r15", 31 0, v01226A20_0;
v012256E0_0 .alias "r16", 31 0, v01226130_0;
v01225D68_0 .alias "r17", 31 0, v012267B8_0;
v01225E70_0 .alias "r18", 31 0, v01226970_0;
v012257E8_0 .alias "r19", 31 0, v01226918_0;
v01225790_0 .alias "r2", 31 0, v01226188_0;
v01225FD0_0 .alias "r20", 31 0, v012262E8_0;
v012259A0_0 .alias "r21", 31 0, v012264F8_0;
v01225688_0 .alias "r22", 31 0, v012269C8_0;
v012259F8_0 .alias "r23", 31 0, v01226550_0;
v01226028_0 .alias "r24", 31 0, v01226340_0;
v01225EC8_0 .alias "r25", 31 0, v012266B0_0;
v01225738_0 .alias "r26", 31 0, v01226658_0;
v01225840_0 .alias "r27", 31 0, v012263F0_0;
v01225B00_0 .alias "r28", 31 0, v012265A8_0;
v01225B58_0 .alias "r29", 31 0, v01226708_0;
v01225A50_0 .alias "r3", 31 0, v01226600_0;
v01225BB0_0 .alias "r30", 31 0, v01226448_0;
v01225DC0_0 .alias "r31", 31 0, v01225058_0;
v01225AA8_0 .alias "r4", 31 0, v01224C90_0;
v01225C08_0 .alias "r5", 31 0, v01224F50_0;
v01226080_0 .alias "r6", 31 0, v01224D98_0;
v01225898_0 .alias "r7", 31 0, v01225210_0;
v01225F20_0 .alias "r8", 31 0, v012252C0_0;
v012258F0_0 .alias "r9", 31 0, v01225318_0;
v01225F78_0 .alias "select_reg", 4 0, v012254D0_0;
E_011E06B8/0 .event edge, v0121B180_0, v0121AD08_0, v0121AC00_0, v0121B498_0;
E_011E06B8/1 .event edge, v0121B808_0, v0121B5F8_0, v0121B650_0, v0121B9C0_0;
E_011E06B8/2 .event edge, v0121FDC8_0, v01220298_0, v0121FE78_0, v0121FF80_0;
E_011E06B8/3 .event edge, v0121FED0_0, v01220500_0, v0121FAB0_0, v0121FB60_0;
E_011E06B8/4 .event edge, v01220A28_0, v01220920_0, v012205B0_0, v012226C8_0;
E_011E06B8/5 .event edge, v012227D0_0, v012229E0_0, v01222A38_0, v01221D28_0;
E_011E06B8/6 .event edge, v01221F38_0, v01222568_0, v01221C20_0, v01221B18_0;
E_011E06B8/7 .event edge, v01222300_0, v012224B8_0, v01221BC8_0, v01222D88_0;
E_011E06B8/8 .event edge, v01225F78_0;
E_011E06B8 .event/or E_011E06B8/0, E_011E06B8/1, E_011E06B8/2, E_011E06B8/3, E_011E06B8/4, E_011E06B8/5, E_011E06B8/6, E_011E06B8/7, E_011E06B8/8;
S_0121CAA0 .scope module, "mux_B" "Mux_32x32" 9 126, 9 61, S_011BE798;
 .timescale 0 0;
v012234C0_0 .var "data_out", 31 0;
v012231A8_0 .alias "r0", 31 0, v01226868_0;
v01223410_0 .alias "r1", 31 0, v012260D8_0;
v01223518_0 .alias "r10", 31 0, v012264A0_0;
v01222AC8_0 .alias "r11", 31 0, v01226760_0;
v01222D30_0 .alias "r12", 31 0, v01226398_0;
v01222F40_0 .alias "r13", 31 0, v01226290_0;
v01222DE0_0 .alias "r14", 31 0, v01226238_0;
v01223200_0 .alias "r15", 31 0, v01226A20_0;
v01222E38_0 .alias "r16", 31 0, v01226130_0;
v01223258_0 .alias "r17", 31 0, v012267B8_0;
v012233B8_0 .alias "r18", 31 0, v01226970_0;
v01222E90_0 .alias "r19", 31 0, v01226918_0;
v01222EE8_0 .alias "r2", 31 0, v01226188_0;
v012230A0_0 .alias "r20", 31 0, v012262E8_0;
v01223468_0 .alias "r21", 31 0, v012264F8_0;
v01222B78_0 .alias "r22", 31 0, v012269C8_0;
v01222F98_0 .alias "r23", 31 0, v01226550_0;
v01222BD0_0 .alias "r24", 31 0, v01226340_0;
v01222FF0_0 .alias "r25", 31 0, v012266B0_0;
v01223048_0 .alias "r26", 31 0, v01226658_0;
v012230F8_0 .alias "r27", 31 0, v012263F0_0;
v012232B0_0 .alias "r28", 31 0, v012265A8_0;
v01223150_0 .alias "r29", 31 0, v01226708_0;
v01223308_0 .alias "r3", 31 0, v01226600_0;
v01223570_0 .alias "r30", 31 0, v01226448_0;
v01222B20_0 .alias "r31", 31 0, v01225058_0;
v01222C28_0 .alias "r4", 31 0, v01224C90_0;
v01223830_0 .alias "r5", 31 0, v01224F50_0;
v012237D8_0 .alias "r6", 31 0, v01224D98_0;
v01223780_0 .alias "r7", 31 0, v01225210_0;
v012239E8_0 .alias "r8", 31 0, v012252C0_0;
v01223888_0 .alias "r9", 31 0, v01225318_0;
v012238E0_0 .alias "select_reg", 4 0, v01225108_0;
E_011E0518/0 .event edge, v0121B180_0, v0121AD08_0, v0121AC00_0, v0121B498_0;
E_011E0518/1 .event edge, v0121B808_0, v0121B5F8_0, v0121B650_0, v0121B9C0_0;
E_011E0518/2 .event edge, v0121FDC8_0, v01220298_0, v0121FE78_0, v0121FF80_0;
E_011E0518/3 .event edge, v0121FED0_0, v01220500_0, v0121FAB0_0, v0121FB60_0;
E_011E0518/4 .event edge, v01220A28_0, v01220920_0, v012205B0_0, v012226C8_0;
E_011E0518/5 .event edge, v012227D0_0, v012229E0_0, v01222A38_0, v01221D28_0;
E_011E0518/6 .event edge, v01221F38_0, v01222568_0, v01221C20_0, v01221B18_0;
E_011E0518/7 .event edge, v01222300_0, v012224B8_0, v01221BC8_0, v01222D88_0;
E_011E0518/8 .event edge, v012238E0_0;
E_011E0518 .event/or E_011E0518/0, E_011E0518/1, E_011E0518/2, E_011E0518/3, E_011E0518/4, E_011E0518/5, E_011E0518/6, E_011E0518/7, E_011E0518/8;
S_0121C3B8 .scope module, "R0" "Registers" 9 130, 9 5, S_011BE798;
 .timescale 0 0;
v01223360_0 .net "LE", 0 0, L_01225420; 1 drivers
v01222CD8_0 .alias "clk", 0 0, v012255D8_0;
v01222C80_0 .net "in", 31 0, C4<00000000000000000000000000000000>; 1 drivers
v01222D88_0 .var "out", 31 0;
S_0121C220 .scope module, "R1" "Registers" 9 131, 9 5, S_011BE798;
 .timescale 0 0;
v01222510_0 .net "LE", 0 0, L_01225478; 1 drivers
v01221AC0_0 .alias "clk", 0 0, v012255D8_0;
v01221B70_0 .alias "in", 31 0, v01225E18_0;
v01221BC8_0 .var "out", 31 0;
S_0121CA18 .scope module, "R2" "Registers" 9 132, 9 5, S_011BE798;
 .timescale 0 0;
v012222A8_0 .net "LE", 0 0, L_01224E48; 1 drivers
v01222460_0 .alias "clk", 0 0, v012255D8_0;
v01221C78_0 .alias "in", 31 0, v01225E18_0;
v012224B8_0 .var "out", 31 0;
S_0121C908 .scope module, "R3" "Registers" 9 133, 9 5, S_011BE798;
 .timescale 0 0;
v01222358_0 .net "LE", 0 0, L_01224EF8; 1 drivers
v01221E88_0 .alias "clk", 0 0, v012255D8_0;
v01221EE0_0 .alias "in", 31 0, v01225E18_0;
v01222300_0 .var "out", 31 0;
S_0121BE68 .scope module, "R4" "Registers" 9 134, 9 5, S_011BE798;
 .timescale 0 0;
v01222148_0 .net "LE", 0 0, L_01225370; 1 drivers
v01222250_0 .alias "clk", 0 0, v012255D8_0;
v012221F8_0 .alias "in", 31 0, v01225E18_0;
v01221B18_0 .var "out", 31 0;
S_0121C880 .scope module, "R5" "Registers" 9 135, 9 5, S_011BE798;
 .timescale 0 0;
v012223B0_0 .net "LE", 0 0, L_01225000; 1 drivers
v01221D80_0 .alias "clk", 0 0, v012255D8_0;
v01221E30_0 .alias "in", 31 0, v01225E18_0;
v01221C20_0 .var "out", 31 0;
S_0121BDE0 .scope module, "R6" "Registers" 9 136, 9 5, S_011BE798;
 .timescale 0 0;
v012221A0_0 .net "LE", 0 0, L_01225160; 1 drivers
v01221F90_0 .alias "clk", 0 0, v012255D8_0;
v012220F0_0 .alias "in", 31 0, v01225E18_0;
v01222568_0 .var "out", 31 0;
S_0121BD58 .scope module, "R7" "Registers" 9 137, 9 5, S_011BE798;
 .timescale 0 0;
v01222040_0 .net "LE", 0 0, L_012250B0; 1 drivers
v01221FE8_0 .alias "clk", 0 0, v012255D8_0;
v01222098_0 .alias "in", 31 0, v01225E18_0;
v01221F38_0 .var "out", 31 0;
S_0121C198 .scope module, "R8" "Registers" 9 138, 9 5, S_011BE798;
 .timescale 0 0;
v01222408_0 .net "LE", 0 0, L_012251B8; 1 drivers
v01221CD0_0 .alias "clk", 0 0, v012255D8_0;
v01221DD8_0 .alias "in", 31 0, v01225E18_0;
v01221D28_0 .var "out", 31 0;
S_0121BBC0 .scope module, "R9" "Registers" 9 139, 9 5, S_011BE798;
 .timescale 0 0;
v01222930_0 .net "LE", 0 0, L_01224B30; 1 drivers
v01222618_0 .alias "clk", 0 0, v012255D8_0;
v01222988_0 .alias "in", 31 0, v01225E18_0;
v01222A38_0 .var "out", 31 0;
S_0121C110 .scope module, "R10" "Registers" 9 140, 9 5, S_011BE798;
 .timescale 0 0;
v01222720_0 .net "LE", 0 0, L_01225268; 1 drivers
v01222828_0 .alias "clk", 0 0, v012255D8_0;
v012228D8_0 .alias "in", 31 0, v01225E18_0;
v012229E0_0 .var "out", 31 0;
S_0121C770 .scope module, "R11" "Registers" 9 141, 9 5, S_011BE798;
 .timescale 0 0;
v01222880_0 .net "LE", 0 0, L_01224BE0; 1 drivers
v012225C0_0 .alias "clk", 0 0, v012255D8_0;
v01222778_0 .alias "in", 31 0, v01225E18_0;
v012227D0_0 .var "out", 31 0;
S_0121C660 .scope module, "R12" "Registers" 9 142, 9 5, S_011BE798;
 .timescale 0 0;
v01220660_0 .net "LE", 0 0, L_012253C8; 1 drivers
v012206B8_0 .alias "clk", 0 0, v012255D8_0;
v01222670_0 .alias "in", 31 0, v01225E18_0;
v012226C8_0 .var "out", 31 0;
S_0121C2A8 .scope module, "R13" "Registers" 9 143, 9 5, S_011BE798;
 .timescale 0 0;
v01220978_0 .net "LE", 0 0, L_01225580; 1 drivers
v01220608_0 .alias "clk", 0 0, v012255D8_0;
v012209D0_0 .alias "in", 31 0, v01225E18_0;
v012205B0_0 .var "out", 31 0;
S_0121BEF0 .scope module, "R14" "Registers" 9 144, 9 5, S_011BE798;
 .timescale 0 0;
v012208C8_0 .net "LE", 0 0, L_01224CE8; 1 drivers
v01220818_0 .alias "clk", 0 0, v012255D8_0;
v012207C0_0 .alias "in", 31 0, v01225E18_0;
v01220920_0 .var "out", 31 0;
S_0121C5D8 .scope module, "R15" "Registers" 9 145, 9 5, S_011BE798;
 .timescale 0 0;
v01220768_0 .net "LE", 0 0, L_01224D40; 1 drivers
v01220710_0 .alias "clk", 0 0, v012255D8_0;
v01220870_0 .alias "in", 31 0, v01225E18_0;
v01220A28_0 .var "out", 31 0;
S_0121C088 .scope module, "R16" "Registers" 9 146, 9 5, S_011BE798;
 .timescale 0 0;
v01220088_0 .net "LE", 0 0, L_01224AD8; 1 drivers
v0121FB08_0 .alias "clk", 0 0, v012255D8_0;
v0121FC10_0 .alias "in", 31 0, v01225E18_0;
v0121FB60_0 .var "out", 31 0;
S_0121C000 .scope module, "R17" "Registers" 9 147, 9 5, S_011BE798;
 .timescale 0 0;
v0121FFD8_0 .net "LE", 0 0, L_01224B88; 1 drivers
v01220030_0 .alias "clk", 0 0, v012255D8_0;
v01220558_0 .alias "in", 31 0, v01225E18_0;
v0121FAB0_0 .var "out", 31 0;
S_0121C550 .scope module, "R18" "Registers" 9 148, 9 5, S_011BE798;
 .timescale 0 0;
v0121FF28_0 .net "LE", 0 0, L_01224C38; 1 drivers
v01220240_0 .alias "clk", 0 0, v012255D8_0;
v01220450_0 .alias "in", 31 0, v01225E18_0;
v01220500_0 .var "out", 31 0;
S_0121C4C8 .scope module, "R19" "Registers" 9 149, 9 5, S_011BE798;
 .timescale 0 0;
v012203A0_0 .net "LE", 0 0, L_01224DF0; 1 drivers
v012204A8_0 .alias "clk", 0 0, v012255D8_0;
v0121FD18_0 .alias "in", 31 0, v01225E18_0;
v0121FED0_0 .var "out", 31 0;
S_0121C7F8 .scope module, "R20" "Registers" 9 150, 9 5, S_011BE798;
 .timescale 0 0;
v01220190_0 .net "LE", 0 0, L_01228778; 1 drivers
v012203F8_0 .alias "clk", 0 0, v012255D8_0;
v012201E8_0 .alias "in", 31 0, v01225E18_0;
v0121FF80_0 .var "out", 31 0;
S_0121C990 .scope module, "R21" "Registers" 9 151, 9 5, S_011BE798;
 .timescale 0 0;
v01220138_0 .net "LE", 0 0, L_01228358; 1 drivers
v0121FE20_0 .alias "clk", 0 0, v012255D8_0;
v01220348_0 .alias "in", 31 0, v01225E18_0;
v0121FE78_0 .var "out", 31 0;
S_0121BF78 .scope module, "R22" "Registers" 9 152, 9 5, S_011BE798;
 .timescale 0 0;
v0121FCC0_0 .net "LE", 0 0, L_012283B0; 1 drivers
v0121FC68_0 .alias "clk", 0 0, v012255D8_0;
v0121FD70_0 .alias "in", 31 0, v01225E18_0;
v01220298_0 .var "out", 31 0;
S_0121C6E8 .scope module, "R23" "Registers" 9 153, 9 5, S_011BE798;
 .timescale 0 0;
v012200E0_0 .net "LE", 0 0, L_01228670; 1 drivers
v0121FBB8_0 .alias "clk", 0 0, v012255D8_0;
v012202F0_0 .alias "in", 31 0, v01225E18_0;
v0121FDC8_0 .var "out", 31 0;
S_0121BCD0 .scope module, "R24" "Registers" 9 154, 9 5, S_011BE798;
 .timescale 0 0;
v0121B6A8_0 .net "LE", 0 0, L_01228AE8; 1 drivers
v0121B7B0_0 .alias "clk", 0 0, v012255D8_0;
v0121B968_0 .alias "in", 31 0, v01225E18_0;
v0121B9C0_0 .var "out", 31 0;
S_0121C440 .scope module, "R25" "Registers" 9 155, 9 5, S_011BE798;
 .timescale 0 0;
v0121B860_0 .net "LE", 0 0, L_01228568; 1 drivers
v0121B758_0 .alias "clk", 0 0, v012255D8_0;
v0121B910_0 .alias "in", 31 0, v01225E18_0;
v0121B650_0 .var "out", 31 0;
S_0121C330 .scope module, "R26" "Registers" 9 156, 9 5, S_011BE798;
 .timescale 0 0;
v0121B8B8_0 .net "LE", 0 0, L_012288D8; 1 drivers
v0121BA18_0 .alias "clk", 0 0, v012255D8_0;
v0121B700_0 .alias "in", 31 0, v01225E18_0;
v0121B5F8_0 .var "out", 31 0;
S_011AC088 .scope module, "R27" "Registers" 9 157, 9 5, S_011BE798;
 .timescale 0 0;
v0121AB50_0 .net "LE", 0 0, L_01228A90; 1 drivers
v0121ABA8_0 .alias "clk", 0 0, v012255D8_0;
v0121B5A0_0 .alias "in", 31 0, v01225E18_0;
v0121B808_0 .var "out", 31 0;
S_011AC000 .scope module, "R28" "Registers" 9 158, 9 5, S_011BE798;
 .timescale 0 0;
v0121AAF8_0 .net "LE", 0 0, L_01228618; 1 drivers
v0121B440_0 .alias "clk", 0 0, v012255D8_0;
v0121B548_0 .alias "in", 31 0, v01225E18_0;
v0121B498_0 .var "out", 31 0;
S_011BD1A8 .scope module, "R29" "Registers" 9 159, 9 5, S_011BE798;
 .timescale 0 0;
v0121AFC8_0 .net "LE", 0 0, L_01228930; 1 drivers
v0121B390_0 .alias "clk", 0 0, v012255D8_0;
v0121B3E8_0 .alias "in", 31 0, v01225E18_0;
v0121AC00_0 .var "out", 31 0;
S_011BD120 .scope module, "R30" "Registers" 9 160, 9 5, S_011BE798;
 .timescale 0 0;
v0121AAA0_0 .net "LE", 0 0, L_012285C0; 1 drivers
v0121ACB0_0 .alias "clk", 0 0, v012255D8_0;
v0121AF70_0 .alias "in", 31 0, v01225E18_0;
v0121AD08_0 .var "out", 31 0;
S_011BF788 .scope module, "R31" "Registers" 9 161, 9 5, S_011BE798;
 .timescale 0 0;
v0121AF18_0 .net "LE", 0 0, L_012286C8; 1 drivers
v0121B338_0 .alias "clk", 0 0, v012255D8_0;
v0121B078_0 .alias "in", 31 0, v01225E18_0;
v0121B180_0 .var "out", 31 0;
E_011E03D8 .event posedge, v0121B338_0;
    .scope S_011BF678;
T_0 ;
    %wait E_011E05F8;
    %load/v 8, v012187F0_0, 1;
    %jmp/0xz  T_0.0, 8;
    %movi 8, 32769, 32;
    %movi 40, 608, 12;
    %set/v v01218320_0, 8, 44;
    %set/v v01217F58_0, 0, 7;
    %jmp T_0.1;
T_0.0 ;
    %load/v 8, v01217FB0_0, 7;
    %set/v v01217F58_0, 8, 7;
    %load/v 8, v01217FB0_0, 7;
    %cmpi/u 8, 0, 7;
    %jmp/1 T_0.2, 6;
    %cmpi/u 8, 1, 7;
    %jmp/1 T_0.3, 6;
    %cmpi/u 8, 2, 7;
    %jmp/1 T_0.4, 6;
    %cmpi/u 8, 3, 7;
    %jmp/1 T_0.5, 6;
    %cmpi/u 8, 4, 7;
    %jmp/1 T_0.6, 6;
    %cmpi/u 8, 5, 7;
    %jmp/1 T_0.7, 6;
    %cmpi/u 8, 6, 7;
    %jmp/1 T_0.8, 6;
    %cmpi/u 8, 7, 7;
    %jmp/1 T_0.9, 6;
    %cmpi/u 8, 8, 7;
    %jmp/1 T_0.10, 6;
    %cmpi/u 8, 9, 7;
    %jmp/1 T_0.11, 6;
    %cmpi/u 8, 10, 7;
    %jmp/1 T_0.12, 6;
    %cmpi/u 8, 11, 7;
    %jmp/1 T_0.13, 6;
    %movi 8, 32769, 32;
    %movi 40, 608, 12;
    %set/v v01218320_0, 8, 44;
    %set/v v01217F58_0, 0, 7;
    %jmp T_0.15;
T_0.2 ;
    %movi 8, 32769, 32;
    %movi 40, 608, 12;
    %set/v v01218320_0, 8, 44;
    %jmp T_0.15;
T_0.3 ;
    %movi 8, 35, 32;
    %movi 40, 1537, 12;
    %set/v v01218320_0, 8, 44;
    %jmp T_0.15;
T_0.4 ;
    %movi 8, 2281701411, 44;
    %set/v v01218320_0, 8, 44;
    %jmp T_0.15;
T_0.5 ;
    %movi 8, 1684013091, 44;
    %set/v v01218320_0, 8, 44;
    %jmp T_0.15;
T_0.6 ;
    %movi 8, 1684013604, 32;
    %movi 40, 2048, 12;
    %set/v v01218320_0, 8, 44;
    %jmp T_0.15;
T_0.7 ;
    %movi 8, 33, 32;
    %movi 40, 416, 12;
    %set/v v01218320_0, 8, 44;
    %jmp T_0.15;
T_0.8 ;
    %movi 8, 268435491, 32;
    %movi 40, 232, 12;
    %set/v v01218320_0, 8, 44;
    %jmp T_0.15;
T_0.9 ;
    %movi 8, 134217763, 32;
    %movi 40, 194, 12;
    %set/v v01218320_0, 8, 44;
    %jmp T_0.15;
T_0.10 ;
    %movi 8, 536870947, 32;
    %movi 40, 4, 12;
    %set/v v01218320_0, 8, 44;
    %jmp T_0.15;
T_0.11 ;
    %movi 8, 536872101, 32;
    %movi 40, 4, 12;
    %set/v v01218320_0, 8, 44;
    %jmp T_0.15;
T_0.12 ;
    %movi 8, 245806, 32;
    %movi 40, 160, 12;
    %set/v v01218320_0, 8, 44;
    %jmp T_0.15;
T_0.13 ;
    %movi 8, 278818, 32;
    %movi 40, 576, 12;
    %set/v v01218320_0, 8, 44;
    %jmp T_0.15;
T_0.15 ;
T_0.1 ;
    %jmp T_0;
    .thread T_0, $push;
    .scope S_011BF128;
T_1 ;
    %wait E_011DFDF8;
    %ix/load 1, 43, 0;
    %mov 4, 0, 1;
    %jmp/1 T_1.0, 4;
    %load/x1p 8, v012182C8_0, 1;
    %jmp T_1.1;
T_1.0 ;
    %mov 8, 2, 1;
T_1.1 ;
; Save base=8 wid=1 in lookaside.
    %set/v v01217A88_0, 8, 1;
    %ix/load 1, 42, 0;
    %mov 4, 0, 1;
    %jmp/1 T_1.2, 4;
    %load/x1p 8, v012182C8_0, 1;
    %jmp T_1.3;
T_1.2 ;
    %mov 8, 2, 1;
T_1.3 ;
; Save base=8 wid=1 in lookaside.
    %set/v v012181C0_0, 8, 1;
    %ix/load 1, 41, 0;
    %mov 4, 0, 1;
    %jmp/1 T_1.4, 4;
    %load/x1p 8, v012182C8_0, 1;
    %jmp T_1.5;
T_1.4 ;
    %mov 8, 2, 1;
T_1.5 ;
; Save base=8 wid=1 in lookaside.
    %set/v v01217B90_0, 8, 1;
    %ix/load 1, 40, 0;
    %mov 4, 0, 1;
    %jmp/1 T_1.6, 4;
    %load/x1p 8, v012182C8_0, 1;
    %jmp T_1.7;
T_1.6 ;
    %mov 8, 2, 1;
T_1.7 ;
; Save base=8 wid=1 in lookaside.
    %set/v v01218008_0, 8, 1;
    %ix/load 1, 39, 0;
    %mov 4, 0, 1;
    %jmp/1 T_1.8, 4;
    %load/x1p 8, v012182C8_0, 1;
    %jmp T_1.9;
T_1.8 ;
    %mov 8, 2, 1;
T_1.9 ;
; Save base=8 wid=1 in lookaside.
    %set/v v01218378_0, 8, 1;
    %ix/load 1, 37, 0;
    %mov 4, 0, 1;
    %jmp/1 T_1.10, 4;
    %load/x1p 8, v012182C8_0, 2;
    %jmp T_1.11;
T_1.10 ;
    %mov 8, 2, 2;
T_1.11 ;
; Save base=8 wid=2 in lookaside.
    %set/v v01217C98_0, 8, 2;
    %ix/load 1, 36, 0;
    %mov 4, 0, 1;
    %jmp/1 T_1.12, 4;
    %load/x1p 8, v012182C8_0, 1;
    %jmp T_1.13;
T_1.12 ;
    %mov 8, 2, 1;
T_1.13 ;
; Save base=8 wid=1 in lookaside.
    %set/v v012183D0_0, 8, 1;
    %ix/load 1, 35, 0;
    %mov 4, 0, 1;
    %jmp/1 T_1.14, 4;
    %load/x1p 8, v012182C8_0, 1;
    %jmp T_1.15;
T_1.14 ;
    %mov 8, 2, 1;
T_1.15 ;
; Save base=8 wid=1 in lookaside.
    %set/v v01218060_0, 8, 1;
    %ix/load 1, 34, 0;
    %mov 4, 0, 1;
    %jmp/1 T_1.16, 4;
    %load/x1p 8, v012182C8_0, 1;
    %jmp T_1.17;
T_1.16 ;
    %mov 8, 2, 1;
T_1.17 ;
; Save base=8 wid=1 in lookaside.
    %set/v v01218270_0, 8, 1;
    %ix/load 1, 33, 0;
    %mov 4, 0, 1;
    %jmp/1 T_1.18, 4;
    %load/x1p 8, v012182C8_0, 1;
    %jmp T_1.19;
T_1.18 ;
    %mov 8, 2, 1;
T_1.19 ;
; Save base=8 wid=1 in lookaside.
    %set/v v01217BE8_0, 8, 1;
    %ix/load 1, 32, 0;
    %mov 4, 0, 1;
    %jmp/1 T_1.20, 4;
    %load/x1p 8, v012182C8_0, 1;
    %jmp T_1.21;
T_1.20 ;
    %mov 8, 2, 1;
T_1.21 ;
; Save base=8 wid=1 in lookaside.
    %set/v v012184D8_0, 8, 1;
    %ix/load 1, 31, 0;
    %mov 4, 0, 1;
    %jmp/1 T_1.22, 4;
    %load/x1p 8, v012182C8_0, 1;
    %jmp T_1.23;
T_1.22 ;
    %mov 8, 2, 1;
T_1.23 ;
; Save base=8 wid=1 in lookaside.
    %set/v v01217B38_0, 8, 1;
    %ix/load 1, 30, 0;
    %mov 4, 0, 1;
    %jmp/1 T_1.24, 4;
    %load/x1p 8, v012182C8_0, 1;
    %jmp T_1.25;
T_1.24 ;
    %mov 8, 2, 1;
T_1.25 ;
; Save base=8 wid=1 in lookaside.
    %set/v v01217D48_0, 8, 1;
    %ix/load 1, 29, 0;
    %mov 4, 0, 1;
    %jmp/1 T_1.26, 4;
    %load/x1p 8, v012182C8_0, 1;
    %jmp T_1.27;
T_1.26 ;
    %mov 8, 2, 1;
T_1.27 ;
; Save base=8 wid=1 in lookaside.
    %set/v v012180B8_0, 8, 1;
    %ix/load 1, 28, 0;
    %mov 4, 0, 1;
    %jmp/1 T_1.28, 4;
    %load/x1p 8, v012182C8_0, 1;
    %jmp T_1.29;
T_1.28 ;
    %mov 8, 2, 1;
T_1.29 ;
; Save base=8 wid=1 in lookaside.
    %set/v v01218110_0, 8, 1;
    %ix/load 1, 27, 0;
    %mov 4, 0, 1;
    %jmp/1 T_1.30, 4;
    %load/x1p 8, v012182C8_0, 1;
    %jmp T_1.31;
T_1.30 ;
    %mov 8, 2, 1;
T_1.31 ;
; Save base=8 wid=1 in lookaside.
    %set/v v01218428_0, 8, 1;
    %ix/load 1, 21, 0;
    %mov 4, 0, 1;
    %jmp/1 T_1.32, 4;
    %load/x1p 8, v012182C8_0, 6;
    %jmp T_1.33;
T_1.32 ;
    %mov 8, 2, 6;
T_1.33 ;
; Save base=8 wid=6 in lookaside.
    %set/v v01218168_0, 8, 6;
    %ix/load 1, 20, 0;
    %mov 4, 0, 1;
    %jmp/1 T_1.34, 4;
    %load/x1p 8, v012182C8_0, 1;
    %jmp T_1.35;
T_1.34 ;
    %mov 8, 2, 1;
T_1.35 ;
; Save base=8 wid=1 in lookaside.
    %set/v v01218530_0, 8, 1;
    %ix/load 1, 18, 0;
    %mov 4, 0, 1;
    %jmp/1 T_1.36, 4;
    %load/x1p 8, v012182C8_0, 2;
    %jmp T_1.37;
T_1.36 ;
    %mov 8, 2, 2;
T_1.37 ;
; Save base=8 wid=2 in lookaside.
    %set/v v01217CF0_0, 8, 2;
    %ix/load 1, 14, 0;
    %mov 4, 0, 1;
    %jmp/1 T_1.38, 4;
    %load/x1p 8, v012182C8_0, 4;
    %jmp T_1.39;
T_1.38 ;
    %mov 8, 2, 4;
T_1.39 ;
; Save base=8 wid=4 in lookaside.
    %set/v v01217E50_0, 8, 4;
    %ix/load 1, 7, 0;
    %mov 4, 0, 1;
    %jmp/1 T_1.40, 4;
    %load/x1p 8, v012182C8_0, 7;
    %jmp T_1.41;
T_1.40 ;
    %mov 8, 2, 7;
T_1.41 ;
; Save base=8 wid=7 in lookaside.
    %set/v v01218480_0, 8, 7;
    %ix/load 1, 6, 0;
    %mov 4, 0, 1;
    %jmp/1 T_1.42, 4;
    %load/x1p 8, v012182C8_0, 1;
    %jmp T_1.43;
T_1.42 ;
    %mov 8, 2, 1;
T_1.43 ;
; Save base=8 wid=1 in lookaside.
    %set/v v01217AE0_0, 8, 1;
    %ix/load 1, 5, 0;
    %mov 4, 0, 1;
    %jmp/1 T_1.44, 4;
    %load/x1p 8, v012182C8_0, 1;
    %jmp T_1.45;
T_1.44 ;
    %mov 8, 2, 1;
T_1.45 ;
; Save base=8 wid=1 in lookaside.
    %set/v v01217DA0_0, 8, 1;
    %ix/load 1, 3, 0;
    %mov 4, 0, 1;
    %jmp/1 T_1.46, 4;
    %load/x1p 8, v012182C8_0, 2;
    %jmp T_1.47;
T_1.46 ;
    %mov 8, 2, 2;
T_1.47 ;
; Save base=8 wid=2 in lookaside.
    %set/v v01217C40_0, 8, 2;
    %load/v 8, v012182C8_0, 3; Only need 3 of 44 bits
; Save base=8 wid=3 in lookaside.
    %set/v v01217DF8_0, 8, 3;
    %load/v 8, v01217EA8_0, 7;
    %set/v v01218218_0, 8, 7;
    %jmp T_1;
    .thread T_1;
    .scope S_011BEF90;
T_2 ;
    %wait E_011DFFF8;
    %load/v 8, v01216B88_0, 2;
    %cmpi/u 8, 0, 2;
    %jmp/1 T_2.0, 6;
    %cmpi/u 8, 1, 2;
    %jmp/1 T_2.1, 6;
    %cmpi/u 8, 2, 2;
    %jmp/1 T_2.2, 6;
    %jmp T_2.3;
T_2.0 ;
    %load/v 8, v01216C38_0, 1;
    %ix/load 0, 1, 0;
    %assign/v0 v012172C0_0, 0, 8;
    %jmp T_2.3;
T_2.1 ;
    %load/v 8, v01217000_0, 1;
    %ix/load 0, 1, 0;
    %assign/v0 v012172C0_0, 0, 8;
    %jmp T_2.3;
T_2.2 ;
    %load/v 8, v01217108_0, 1;
    %ix/load 0, 1, 0;
    %assign/v0 v012172C0_0, 0, 8;
    %jmp T_2.3;
T_2.3 ;
    %jmp T_2;
    .thread T_2, $push;
    .scope S_011BF920;
T_3 ;
    %wait E_011DFF78;
    %load/v 8, v012170B0_0, 1;
    %jmp/0xz  T_3.0, 8;
    %load/v 8, v01216B30_0, 1;
    %inv 8, 1;
    %ix/load 0, 1, 0;
    %assign/v0 v01216EF8_0, 0, 8;
    %jmp T_3.1;
T_3.0 ;
    %load/v 8, v01216B30_0, 1;
    %ix/load 0, 1, 0;
    %assign/v0 v01216EF8_0, 0, 8;
T_3.1 ;
    %jmp T_3;
    .thread T_3, $push;
    .scope S_011BF2C0;
T_4 ;
    %wait E_011DFEF8;
    %load/v 8, v01216BE0_0, 3;
    %cmpi/u 8, 0, 3;
    %jmp/1 T_4.0, 6;
    %cmpi/u 8, 1, 3;
    %jmp/1 T_4.1, 6;
    %cmpi/u 8, 2, 3;
    %jmp/1 T_4.2, 6;
    %cmpi/u 8, 3, 3;
    %jmp/1 T_4.3, 6;
    %cmpi/u 8, 4, 3;
    %jmp/1 T_4.4, 6;
    %cmpi/u 8, 5, 3;
    %jmp/1 T_4.5, 6;
    %cmpi/u 8, 6, 3;
    %jmp/1 T_4.6, 6;
    %jmp T_4.7;
T_4.0 ;
    %ix/load 0, 2, 0;
    %assign/v0 v01217420_0, 0, 0;
    %jmp T_4.7;
T_4.1 ;
    %movi 8, 1, 2;
    %ix/load 0, 2, 0;
    %assign/v0 v01217420_0, 0, 8;
    %jmp T_4.7;
T_4.2 ;
    %movi 8, 2, 2;
    %ix/load 0, 2, 0;
    %assign/v0 v01217420_0, 0, 8;
    %jmp T_4.7;
T_4.3 ;
    %ix/load 0, 2, 0;
    %assign/v0 v01217420_0, 0, 1;
    %jmp T_4.7;
T_4.4 ;
    %load/v 8, v01216AD8_0, 1;
    %inv 8, 1;
    %jmp/0xz  T_4.8, 8;
    %movi 8, 2, 2;
    %ix/load 0, 2, 0;
    %assign/v0 v01217420_0, 0, 8;
    %jmp T_4.9;
T_4.8 ;
    %ix/load 0, 2, 0;
    %assign/v0 v01217420_0, 0, 0;
T_4.9 ;
    %jmp T_4.7;
T_4.5 ;
    %load/v 8, v01216AD8_0, 1;
    %inv 8, 1;
    %jmp/0xz  T_4.10, 8;
    %movi 8, 2, 2;
    %ix/load 0, 2, 0;
    %assign/v0 v01217420_0, 0, 8;
    %jmp T_4.11;
T_4.10 ;
    %movi 8, 1, 2;
    %ix/load 0, 2, 0;
    %assign/v0 v01217420_0, 0, 8;
T_4.11 ;
    %jmp T_4.7;
T_4.6 ;
    %load/v 8, v01216AD8_0, 1;
    %inv 8, 1;
    %jmp/0xz  T_4.12, 8;
    %movi 8, 1, 2;
    %ix/load 0, 2, 0;
    %assign/v0 v01217420_0, 0, 8;
    %jmp T_4.13;
T_4.12 ;
    %ix/load 0, 2, 0;
    %assign/v0 v01217420_0, 0, 1;
T_4.13 ;
    %jmp T_4.7;
T_4.7 ;
    %jmp T_4;
    .thread T_4, $push;
    .scope S_011BF0A0;
T_5 ;
    %wait E_011DFB18;
    %load/v 8, v012174D0_0, 2;
    %cmpi/u 8, 0, 2;
    %jmp/1 T_5.0, 6;
    %cmpi/u 8, 1, 2;
    %jmp/1 T_5.1, 6;
    %cmpi/u 8, 2, 2;
    %jmp/1 T_5.2, 6;
    %cmpi/u 8, 3, 2;
    %jmp/1 T_5.3, 6;
    %jmp T_5.4;
T_5.0 ;
    %load/v 8, v01216EA0_0, 7;
    %ix/load 0, 7, 0;
    %assign/v0 v01216FA8_0, 0, 8;
    %jmp T_5.4;
T_5.1 ;
    %load/v 8, v01217528_0, 7;
    %ix/load 0, 7, 0;
    %assign/v0 v01216FA8_0, 0, 8;
    %jmp T_5.4;
T_5.2 ;
    %load/v 8, v01217268_0, 7;
    %ix/load 0, 7, 0;
    %assign/v0 v01216FA8_0, 0, 8;
    %jmp T_5.4;
T_5.3 ;
    %load/v 8, v01216DF0_0, 7;
    %ix/load 0, 7, 0;
    %assign/v0 v01216FA8_0, 0, 8;
    %jmp T_5.4;
T_5.4 ;
    %jmp T_5;
    .thread T_5, $push;
    .scope S_011BFD60;
T_6 ;
    %wait E_011DFD38;
    %ix/load 0, 1, 0;
    %load/vp0 8, v012173C8_0, 7;
    %ix/load 0, 7, 0;
    %assign/v0 v01217210_0, 0, 8;
    %jmp T_6;
    .thread T_6, $push;
    .scope S_011BFBC8;
T_7 ;
    %wait E_011DFDF8;
    %load/v 8, v01217318_0, 1;
    %jmp/0xz  T_7.0, 8;
    %load/v 8, v01216E48_0, 7;
    %ix/load 0, 7, 0;
    %assign/v0 v01217058_0, 0, 8;
T_7.0 ;
    %jmp T_7;
    .thread T_7;
    .scope S_011BF238;
T_8 ;
    %wait E_011DFCF8;
    %load/v 8, v012171B8_0, 32;
    %movi 40, 33, 6;
    %mov 46, 3, 20;
    %movi 66, 0, 6;
    %cmp/z 8, 40, 32;
    %jmp/1 T_8.0, 4;
    %mov 72, 3, 26;
    %movi 98, 40, 6;
    %cmp/z 8, 72, 32;
    %jmp/1 T_8.1, 4;
    %mov 104, 3, 26;
    %movi 130, 4, 6;
    %cmp/z 8, 104, 32;
    %jmp/1 T_8.2, 4;
    %set/v v01216D40_0, 0, 7;
    %jmp T_8.4;
T_8.0 ;
    %movi 8, 5, 7;
    %set/v v01216D40_0, 8, 7;
    %jmp T_8.4;
T_8.1 ;
    %movi 8, 6, 7;
    %set/v v01216D40_0, 8, 7;
    %jmp T_8.4;
T_8.2 ;
    %movi 8, 10, 7;
    %set/v v01216D40_0, 8, 7;
    %jmp T_8.4;
T_8.4 ;
    %jmp T_8;
    .thread T_8, $push;
    .scope S_011BEE80;
T_9 ;
    %movi 8, 1, 7;
    %set/v v012188A0_0, 8, 7;
    %end;
    .thread T_9;
    .scope S_011BEDF8;
T_10 ;
    %wait E_011DFDF8;
    %load/v 8, v01216D98_0, 1;
    %jmp/0xz  T_10.0, 8;
    %load/v 8, v01216A80_0, 32;
    %ix/load 0, 32, 0;
    %assign/v0 v01216C90_0, 0, 8;
T_10.0 ;
    %jmp T_10;
    .thread T_10;
    .scope S_011BED70;
T_11 ;
    %wait E_011DFDF8;
    %load/v 8, v01217898_0, 1;
    %jmp/0xz  T_11.0, 8;
    %load/v 8, v01217478_0, 32;
    %ix/load 0, 32, 0;
    %assign/v0 v01217160_0, 0, 8;
T_11.0 ;
    %jmp T_11;
    .thread T_11;
    .scope S_011BECE8;
T_12 ;
    %wait E_011DFDF8;
    %load/v 8, v012176E0_0, 1;
    %jmp/0xz  T_12.0, 8;
    %load/v 8, v012179F8_0, 32;
    %ix/load 0, 32, 0;
    %assign/v0 v01217630_0, 0, 8;
T_12.0 ;
    %jmp T_12;
    .thread T_12;
    .scope S_011BE248;
T_13 ;
    %wait E_011DFDF8;
    %load/v 8, v01217948_0, 1;
    %jmp/0xz  T_13.0, 8;
    %load/v 8, v01217580_0, 32;
    %ix/load 0, 32, 0;
    %assign/v0 v01217738_0, 0, 8;
T_13.0 ;
    %jmp T_13;
    .thread T_13;
    .scope S_011BE138;
T_14 ;
    %wait E_011DFDB8;
    %load/v 8, v012175D8_0, 1;
    %cmpi/u 8, 0, 1;
    %jmp/1 T_14.0, 6;
    %cmpi/u 8, 1, 1;
    %jmp/1 T_14.1, 6;
    %jmp T_14.2;
T_14.0 ;
    %load/v 8, v012178F0_0, 32;
    %ix/load 0, 32, 0;
    %assign/v0 v012179A0_0, 0, 8;
    %jmp T_14.2;
T_14.1 ;
    %load/v 8, v012177E8_0, 32;
    %ix/load 0, 32, 0;
    %assign/v0 v012179A0_0, 0, 8;
    %jmp T_14.2;
T_14.2 ;
    %jmp T_14;
    .thread T_14, $push;
    .scope S_011BE028;
T_15 ;
    %wait E_011DFE58;
    %load/v 8, v012166E8_0, 1;
    %cmpi/u 8, 0, 1;
    %jmp/1 T_15.0, 6;
    %cmpi/u 8, 1, 1;
    %jmp/1 T_15.1, 6;
    %jmp T_15.2;
T_15.0 ;
    %load/v 8, v012163D0_0, 32;
    %ix/load 0, 32, 0;
    %assign/v0 v01216740_0, 0, 8;
    %jmp T_15.2;
T_15.1 ;
    %load/v 8, v01216690_0, 32;
    %ix/load 0, 32, 0;
    %assign/v0 v01216740_0, 0, 8;
    %jmp T_15.2;
T_15.2 ;
    %jmp T_15;
    .thread T_15, $push;
    .scope S_011BDFA0;
T_16 ;
    %wait E_011DFC58;
    %load/v 8, v012165E0_0, 1;
    %cmpi/u 8, 0, 1;
    %jmp/1 T_16.0, 6;
    %cmpi/u 8, 1, 1;
    %jmp/1 T_16.1, 6;
    %jmp T_16.2;
T_16.0 ;
    %load/v 8, v012168F8_0, 32;
    %ix/load 0, 32, 0;
    %assign/v0 v012167F0_0, 0, 8;
    %jmp T_16.2;
T_16.1 ;
    %load/v 8, v01216588_0, 32;
    %ix/load 0, 32, 0;
    %assign/v0 v012167F0_0, 0, 8;
    %jmp T_16.2;
T_16.2 ;
    %jmp T_16;
    .thread T_16, $push;
    .scope S_011BEC60;
T_17 ;
    %wait E_011DFD18;
    %load/v 8, v012168A0_0, 1;
    %cmpi/u 8, 0, 1;
    %jmp/1 T_17.0, 6;
    %cmpi/u 8, 1, 1;
    %jmp/1 T_17.1, 6;
    %jmp T_17.2;
T_17.0 ;
    %load/v 8, v01216848_0, 6;
    %ix/load 0, 6, 0;
    %assign/v0 v01216378_0, 0, 8;
    %jmp T_17.2;
T_17.1 ;
    %load/v 8, v01216320_0, 6;
    %ix/load 0, 6, 0;
    %assign/v0 v01216378_0, 0, 8;
    %jmp T_17.2;
T_17.2 ;
    %jmp T_17;
    .thread T_17, $push;
    .scope S_011BEBD8;
T_18 ;
    %movi 8, 3, 32;
    %set/v v01218F60_0, 8, 32;
    %end;
    .thread T_18;
    .scope S_011BEBD8;
T_19 ;
    %set/v v01218B40_0, 0, 32;
    %end;
    .thread T_19;
    .scope S_011BE820;
T_20 ;
    %set/v v0117E888_0, 0, 1;
    %end;
    .thread T_20;
    .scope S_011BE820;
T_21 ;
    %set/v v012164D8_0, 1, 8;
    %end;
    .thread T_21;
    .scope S_011BE820;
T_22 ;
    %set/v v01216530_0, 0, 8;
    %end;
    .thread T_22;
    .scope S_011BE820;
T_23 ;
    %movi 8, 120, 9;
    %set/v v01216428_0, 8, 9;
    %end;
    .thread T_23;
    .scope S_011BE820;
T_24 ;
    %movi 8, 124, 9;
    %set/v v01216480_0, 8, 9;
    %end;
    .thread T_24;
    .scope S_011BE820;
T_25 ;
    %movi 8, 126, 9;
    %set/v v012162C8_0, 8, 9;
    %end;
    .thread T_25;
    .scope S_011BE820;
T_26 ;
    %wait E_011DFBF8;
    %set/v v01216638_0, 0, 1;
    %load/v 8, v012169A8_0, 1;
    %jmp/0xz  T_26.0, 8;
    %load/v 8, v01216270_0, 6;
    %cmpi/u 8, 53, 6;
    %jmp/1 T_26.2, 6;
    %cmpi/u 8, 35, 6;
    %jmp/1 T_26.3, 6;
    %cmpi/u 8, 37, 6;
    %jmp/1 T_26.4, 6;
    %cmpi/u 8, 33, 6;
    %jmp/1 T_26.5, 6;
    %cmpi/u 8, 36, 6;
    %jmp/1 T_26.6, 6;
    %cmpi/u 8, 32, 6;
    %jmp/1 T_26.7, 6;
    %jmp T_26.8;
T_26.2 ;
    %load/v 8, v0117E888_0, 1;
    %inv 8, 1;
    %jmp/0xz  T_26.9, 8;
    %ix/getv 3, v011C29C0_0;
    %load/av 8, v01216798, 8;
    %ix/load 0, 24, 0;
    %set/x0 v011714E8_0, 8, 8;
    %ix/load 0, 1, 0;
    %load/vp0 16, v011C29C0_0, 32;
    %ix/get 3, 16, 32;
    %load/av 8, v01216798, 8;
    %ix/load 0, 16, 0;
    %set/x0 v011714E8_0, 8, 8;
    %ix/load 0, 2, 0;
    %load/vp0 16, v011C29C0_0, 32;
    %ix/get 3, 16, 32;
    %load/av 8, v01216798, 8;
    %ix/load 0, 8, 0;
    %set/x0 v011714E8_0, 8, 8;
    %ix/load 0, 3, 0;
    %load/vp0 16, v011C29C0_0, 32;
    %ix/get 3, 16, 32;
    %load/av 8, v01216798, 8;
    %ix/load 0, 0, 0;
    %set/x0 v011714E8_0, 8, 8;
    %set/v v0117E888_0, 1, 1;
    %jmp T_26.10;
T_26.9 ;
    %ix/load 0, 4, 0;
    %load/vp0 16, v011C29C0_0, 32;
    %ix/get 3, 16, 32;
    %load/av 8, v01216798, 8;
    %ix/load 0, 24, 0;
    %set/x0 v011714E8_0, 8, 8;
    %ix/load 0, 5, 0;
    %load/vp0 16, v011C29C0_0, 32;
    %ix/get 3, 16, 32;
    %load/av 8, v01216798, 8;
    %ix/load 0, 16, 0;
    %set/x0 v011714E8_0, 8, 8;
    %ix/load 0, 6, 0;
    %load/vp0 16, v011C29C0_0, 32;
    %ix/get 3, 16, 32;
    %load/av 8, v01216798, 8;
    %ix/load 0, 8, 0;
    %set/x0 v011714E8_0, 8, 8;
    %ix/load 0, 7, 0;
    %load/vp0 16, v011C29C0_0, 32;
    %ix/get 3, 16, 32;
    %load/av 8, v01216798, 8;
    %ix/load 0, 0, 0;
    %set/x0 v011714E8_0, 8, 8;
    %set/v v0117E888_0, 0, 1;
T_26.10 ;
    %jmp T_26.8;
T_26.3 ;
    %ix/getv 3, v011C29C0_0;
    %load/av 8, v01216798, 8;
    %ix/load 0, 24, 0;
    %set/x0 v011714E8_0, 8, 8;
    %ix/load 0, 1, 0;
    %load/vp0 16, v011C29C0_0, 32;
    %ix/get 3, 16, 32;
    %load/av 8, v01216798, 8;
    %ix/load 0, 16, 0;
    %set/x0 v011714E8_0, 8, 8;
    %ix/load 0, 2, 0;
    %load/vp0 16, v011C29C0_0, 32;
    %ix/get 3, 16, 32;
    %load/av 8, v01216798, 8;
    %ix/load 0, 8, 0;
    %set/x0 v011714E8_0, 8, 8;
    %ix/load 0, 3, 0;
    %load/vp0 16, v011C29C0_0, 32;
    %ix/get 3, 16, 32;
    %load/av 8, v01216798, 8;
    %ix/load 0, 0, 0;
    %set/x0 v011714E8_0, 8, 8;
    %jmp T_26.8;
T_26.4 ;
    %ix/load 0, 1, 0;
    %load/vp0 56, v011C29C0_0, 32;
    %ix/get 3, 56, 32;
    %load/av 40, v01216798, 8;
    %ix/getv 3, v011C29C0_0;
    %load/av 48, v01216798, 8;
    %mov 8, 40, 16;
    %mov 24, 0, 16;
    %set/v v011714E8_0, 8, 32;
    %jmp T_26.8;
T_26.5 ;
    %movi 8, 7, 4;
    %ix/getv 3, v011C29C0_0;
    %jmp/1 T_26.11, 4;
    %ix/get/s 0, 8, 4;
T_26.11 ;
    %load/avx.p 8, v01216798, 0;
; Save base=8 wid=1 in lookaside.
    %jmp/0xz  T_26.12, 8;
    %load/v 8, v012164D8_0, 8;
    %ix/load 0, 24, 0;
    %set/x0 v011714E8_0, 8, 8;
    %load/v 8, v012164D8_0, 8;
    %ix/load 0, 16, 0;
    %set/x0 v011714E8_0, 8, 8;
    %ix/getv 3, v011C29C0_0;
    %load/av 8, v01216798, 8;
    %ix/load 0, 8, 0;
    %set/x0 v011714E8_0, 8, 8;
    %ix/load 0, 1, 0;
    %load/vp0 16, v011C29C0_0, 32;
    %ix/get 3, 16, 32;
    %load/av 8, v01216798, 8;
    %ix/load 0, 0, 0;
    %set/x0 v011714E8_0, 8, 8;
    %jmp T_26.13;
T_26.12 ;
    %load/v 8, v01216530_0, 8;
    %ix/load 0, 24, 0;
    %set/x0 v011714E8_0, 8, 8;
    %load/v 8, v01216530_0, 8;
    %ix/load 0, 16, 0;
    %set/x0 v011714E8_0, 8, 8;
    %ix/getv 3, v011C29C0_0;
    %load/av 8, v01216798, 8;
    %ix/load 0, 8, 0;
    %set/x0 v011714E8_0, 8, 8;
    %ix/load 0, 1, 0;
    %load/vp0 16, v011C29C0_0, 32;
    %ix/get 3, 16, 32;
    %load/av 8, v01216798, 8;
    %ix/load 0, 0, 0;
    %set/x0 v011714E8_0, 8, 8;
T_26.13 ;
    %jmp T_26.8;
T_26.6 ;
    %ix/getv 3, v011C29C0_0;
    %load/av 8, v01216798, 8;
    %mov 16, 0, 24;
    %set/v v011714E8_0, 8, 32;
    %jmp T_26.8;
T_26.7 ;
    %movi 8, 7, 4;
    %ix/getv 3, v011C29C0_0;
    %jmp/1 T_26.14, 4;
    %ix/get/s 0, 8, 4;
T_26.14 ;
    %load/avx.p 8, v01216798, 0;
; Save base=8 wid=1 in lookaside.
    %jmp/0xz  T_26.15, 8;
    %load/v 8, v012164D8_0, 8;
    %ix/load 0, 24, 0;
    %set/x0 v011714E8_0, 8, 8;
    %load/v 8, v012164D8_0, 8;
    %ix/load 0, 16, 0;
    %set/x0 v011714E8_0, 8, 8;
    %load/v 8, v012164D8_0, 8;
    %ix/load 0, 8, 0;
    %set/x0 v011714E8_0, 8, 8;
    %ix/getv 3, v011C29C0_0;
    %load/av 8, v01216798, 8;
    %ix/load 0, 0, 0;
    %set/x0 v011714E8_0, 8, 8;
    %jmp T_26.16;
T_26.15 ;
    %load/v 8, v01216530_0, 8;
    %ix/load 0, 24, 0;
    %set/x0 v011714E8_0, 8, 8;
    %load/v 8, v01216530_0, 8;
    %ix/load 0, 16, 0;
    %set/x0 v011714E8_0, 8, 8;
    %load/v 8, v01216530_0, 8;
    %ix/load 0, 8, 0;
    %set/x0 v011714E8_0, 8, 8;
    %ix/getv 3, v011C29C0_0;
    %load/av 8, v01216798, 8;
    %ix/load 0, 0, 0;
    %set/x0 v011714E8_0, 8, 8;
T_26.16 ;
    %jmp T_26.8;
T_26.8 ;
    %jmp T_26.1;
T_26.0 ;
    %load/v 8, v01216270_0, 6;
    %cmpi/u 8, 61, 6;
    %jmp/1 T_26.17, 6;
    %cmpi/u 8, 43, 6;
    %jmp/1 T_26.18, 6;
    %cmpi/u 8, 41, 6;
    %jmp/1 T_26.19, 6;
    %cmpi/u 8, 40, 6;
    %jmp/1 T_26.20, 6;
    %jmp T_26.21;
T_26.17 ;
    %load/v 8, v0117E888_0, 1;
    %inv 8, 1;
    %jmp/0xz  T_26.22, 8;
    %ix/load 1, 24, 0;
    %mov 4, 0, 1;
    %jmp/1 T_26.24, 4;
    %load/x1p 8, v0116FF38_0, 8;
    %jmp T_26.25;
T_26.24 ;
    %mov 8, 2, 8;
T_26.25 ;
; Save base=8 wid=8 in lookaside.
    %load/v 16, v011C29C0_0, 9;
    %load/v 25, v01216428_0, 9;
    %and 16, 25, 9;
    %ix/get 3, 16, 9;
   %jmp/1 t_0, 4;
   %ix/load 1, 0, 0;
   %set/av v01216798, 8, 8;
t_0 ;
    %ix/load 1, 16, 0;
    %mov 4, 0, 1;
    %jmp/1 T_26.26, 4;
    %load/x1p 8, v0116FF38_0, 8;
    %jmp T_26.27;
T_26.26 ;
    %mov 8, 2, 8;
T_26.27 ;
; Save base=8 wid=8 in lookaside.
    %load/v 16, v011C29C0_0, 9;
    %movi 25, 0, 23;
    %load/v 48, v01216428_0, 9;
    %movi 57, 0, 23;
    %and 16, 48, 32;
    %addi 16, 1, 32;
    %ix/get 3, 16, 32;
   %jmp/1 t_1, 4;
   %ix/load 1, 0, 0;
   %set/av v01216798, 8, 8;
t_1 ;
    %ix/load 1, 8, 0;
    %mov 4, 0, 1;
    %jmp/1 T_26.28, 4;
    %load/x1p 8, v0116FF38_0, 8;
    %jmp T_26.29;
T_26.28 ;
    %mov 8, 2, 8;
T_26.29 ;
; Save base=8 wid=8 in lookaside.
    %load/v 16, v011C29C0_0, 9;
    %movi 25, 0, 23;
    %load/v 48, v01216428_0, 9;
    %movi 57, 0, 23;
    %and 16, 48, 32;
    %addi 16, 2, 32;
    %ix/get 3, 16, 32;
   %jmp/1 t_2, 4;
   %ix/load 1, 0, 0;
   %set/av v01216798, 8, 8;
t_2 ;
    %load/v 8, v0116FF38_0, 8; Only need 8 of 32 bits
; Save base=8 wid=8 in lookaside.
    %load/v 16, v011C29C0_0, 9;
    %movi 25, 0, 23;
    %load/v 48, v01216428_0, 9;
    %movi 57, 0, 23;
    %and 16, 48, 32;
    %addi 16, 3, 32;
    %ix/get 3, 16, 32;
   %jmp/1 t_3, 4;
   %ix/load 1, 0, 0;
   %set/av v01216798, 8, 8;
t_3 ;
    %set/v v0117E888_0, 1, 1;
    %jmp T_26.23;
T_26.22 ;
    %ix/load 1, 24, 0;
    %mov 4, 0, 1;
    %jmp/1 T_26.30, 4;
    %load/x1p 8, v0116FF38_0, 8;
    %jmp T_26.31;
T_26.30 ;
    %mov 8, 2, 8;
T_26.31 ;
; Save base=8 wid=8 in lookaside.
    %load/v 16, v011C29C0_0, 9;
    %movi 25, 0, 23;
    %load/v 48, v01216428_0, 9;
    %movi 57, 0, 23;
    %and 16, 48, 32;
    %addi 16, 4, 32;
    %ix/get 3, 16, 32;
   %jmp/1 t_4, 4;
   %ix/load 1, 0, 0;
   %set/av v01216798, 8, 8;
t_4 ;
    %ix/load 1, 16, 0;
    %mov 4, 0, 1;
    %jmp/1 T_26.32, 4;
    %load/x1p 8, v0116FF38_0, 8;
    %jmp T_26.33;
T_26.32 ;
    %mov 8, 2, 8;
T_26.33 ;
; Save base=8 wid=8 in lookaside.
    %load/v 16, v011C29C0_0, 9;
    %movi 25, 0, 23;
    %load/v 48, v01216428_0, 9;
    %movi 57, 0, 23;
    %and 16, 48, 32;
    %addi 16, 5, 32;
    %ix/get 3, 16, 32;
   %jmp/1 t_5, 4;
   %ix/load 1, 0, 0;
   %set/av v01216798, 8, 8;
t_5 ;
    %ix/load 1, 8, 0;
    %mov 4, 0, 1;
    %jmp/1 T_26.34, 4;
    %load/x1p 8, v0116FF38_0, 8;
    %jmp T_26.35;
T_26.34 ;
    %mov 8, 2, 8;
T_26.35 ;
; Save base=8 wid=8 in lookaside.
    %load/v 16, v011C29C0_0, 9;
    %movi 25, 0, 23;
    %load/v 48, v01216428_0, 9;
    %movi 57, 0, 23;
    %and 16, 48, 32;
    %addi 16, 6, 32;
    %ix/get 3, 16, 32;
   %jmp/1 t_6, 4;
   %ix/load 1, 0, 0;
   %set/av v01216798, 8, 8;
t_6 ;
    %load/v 8, v0116FF38_0, 8; Only need 8 of 32 bits
; Save base=8 wid=8 in lookaside.
    %load/v 16, v011C29C0_0, 9;
    %movi 25, 0, 23;
    %load/v 48, v01216428_0, 9;
    %movi 57, 0, 23;
    %and 16, 48, 32;
    %addi 16, 7, 32;
    %ix/get 3, 16, 32;
   %jmp/1 t_7, 4;
   %ix/load 1, 0, 0;
   %set/av v01216798, 8, 8;
t_7 ;
    %set/v v0117E888_0, 0, 1;
T_26.23 ;
    %jmp T_26.21;
T_26.18 ;
    %ix/load 1, 24, 0;
    %mov 4, 0, 1;
    %jmp/1 T_26.36, 4;
    %load/x1p 8, v0116FF38_0, 8;
    %jmp T_26.37;
T_26.36 ;
    %mov 8, 2, 8;
T_26.37 ;
; Save base=8 wid=8 in lookaside.
    %load/v 16, v011C29C0_0, 9;
    %load/v 25, v01216480_0, 9;
    %and 16, 25, 9;
    %ix/get 3, 16, 9;
   %jmp/1 t_8, 4;
   %ix/load 1, 0, 0;
   %set/av v01216798, 8, 8;
t_8 ;
    %ix/load 1, 16, 0;
    %mov 4, 0, 1;
    %jmp/1 T_26.38, 4;
    %load/x1p 8, v0116FF38_0, 8;
    %jmp T_26.39;
T_26.38 ;
    %mov 8, 2, 8;
T_26.39 ;
; Save base=8 wid=8 in lookaside.
    %load/v 16, v011C29C0_0, 9;
    %movi 25, 0, 23;
    %load/v 48, v01216480_0, 9;
    %movi 57, 0, 23;
    %and 16, 48, 32;
    %addi 16, 1, 32;
    %ix/get 3, 16, 32;
   %jmp/1 t_9, 4;
   %ix/load 1, 0, 0;
   %set/av v01216798, 8, 8;
t_9 ;
    %ix/load 1, 8, 0;
    %mov 4, 0, 1;
    %jmp/1 T_26.40, 4;
    %load/x1p 8, v0116FF38_0, 8;
    %jmp T_26.41;
T_26.40 ;
    %mov 8, 2, 8;
T_26.41 ;
; Save base=8 wid=8 in lookaside.
    %load/v 16, v011C29C0_0, 9;
    %movi 25, 0, 23;
    %load/v 48, v01216480_0, 9;
    %movi 57, 0, 23;
    %and 16, 48, 32;
    %addi 16, 2, 32;
    %ix/get 3, 16, 32;
   %jmp/1 t_10, 4;
   %ix/load 1, 0, 0;
   %set/av v01216798, 8, 8;
t_10 ;
    %load/v 8, v0116FF38_0, 8; Only need 8 of 32 bits
; Save base=8 wid=8 in lookaside.
    %load/v 16, v011C29C0_0, 9;
    %movi 25, 0, 23;
    %load/v 48, v01216480_0, 9;
    %movi 57, 0, 23;
    %and 16, 48, 32;
    %addi 16, 3, 32;
    %ix/get 3, 16, 32;
   %jmp/1 t_11, 4;
   %ix/load 1, 0, 0;
   %set/av v01216798, 8, 8;
t_11 ;
    %jmp T_26.21;
T_26.19 ;
    %ix/load 1, 8, 0;
    %mov 4, 0, 1;
    %jmp/1 T_26.42, 4;
    %load/x1p 8, v0116FF38_0, 8;
    %jmp T_26.43;
T_26.42 ;
    %mov 8, 2, 8;
T_26.43 ;
; Save base=8 wid=8 in lookaside.
    %load/v 16, v011C29C0_0, 9;
    %load/v 25, v012162C8_0, 9;
    %and 16, 25, 9;
    %ix/get 3, 16, 9;
   %jmp/1 t_12, 4;
   %ix/load 1, 0, 0;
   %set/av v01216798, 8, 8;
t_12 ;
    %load/v 8, v0116FF38_0, 8; Only need 8 of 32 bits
; Save base=8 wid=8 in lookaside.
    %load/v 16, v011C29C0_0, 9;
    %movi 25, 0, 23;
    %load/v 48, v012162C8_0, 9;
    %movi 57, 0, 23;
    %and 16, 48, 32;
    %addi 16, 1, 32;
    %ix/get 3, 16, 32;
   %jmp/1 t_13, 4;
   %ix/load 1, 0, 0;
   %set/av v01216798, 8, 8;
t_13 ;
    %jmp T_26.21;
T_26.20 ;
    %load/v 8, v0116FF38_0, 8; Only need 8 of 32 bits
; Save base=8 wid=8 in lookaside.
    %ix/getv 3, v011C29C0_0;
   %jmp/1 t_14, 4;
   %ix/load 1, 0, 0;
   %set/av v01216798, 8, 8;
t_14 ;
    %jmp T_26.21;
T_26.21 ;
T_26.1 ;
    %delay 3, 0;
    %set/v v01216638_0, 1, 1;
    %jmp T_26;
    .thread T_26;
    .scope S_011BE710;
T_27 ;
    %vpi_func 2 26 "$fopen", 8, 32, "RAMdata.txt", "r";
    %set/v v0121B1D8_0, 8, 32;
    %set/v v0121A540_0, 0, 9;
    %movi 8, 40, 6;
    %set/v v0121A6F8_0, 8, 6;
T_27.0 ;
    %vpi_func 2 29 "$feof", 8, 32, v0121B1D8_0;
    %nor/r 8, 8, 32;
    %jmp/0xz T_27.1, 8;
    %vpi_func 2 30 "$fscanf", 8, 32, v0121B1D8_0, "%b", v0121AEC0_0;
    %set/v v0121A908_0, 8, 32;
    %load/v 8, v0121AEC0_0, 32;
    %ix/getv 3, v0121A540_0;
   %jmp/1 t_15, 4;
   %ix/load 1, 0, 0;
   %set/av v01216798, 8, 8;
t_15 ;
    %load/v 8, v0121A540_0, 9;
    %mov 17, 0, 23;
    %addi 8, 1, 32;
    %set/v v0121A540_0, 8, 9;
    %jmp T_27.0;
T_27.1 ;
    %vpi_call 2 34 "$fclose", v0121B1D8_0;
    %end;
    .thread T_27;
    .scope S_011BE710;
T_28 ;
    %set/v v0121A858_0, 0, 1;
    %movi 8, 52, 7;
T_28.0 %cmp/s 0, 8, 7;
    %jmp/0xz T_28.1, 5;
    %add 8, 1, 7;
    %delay 1, 0;
    %load/v 15, v0121A858_0, 1;
    %inv 15, 1;
    %set/v v0121A858_0, 15, 1;
    %jmp T_28.0;
T_28.1 ;
    %end;
    .thread T_28;
    .scope S_011BE710;
T_29 ;
    %vpi_call 2 48 "$display", "               IR                             MAR                          PC        nPC cState RW  MOV  MOC clk";
    %set/v v0121AC58_0, 1, 1;
    %delay 2, 0;
    %set/v v0121AC58_0, 0, 1;
    %end;
    .thread T_29;
    .scope S_011BE710;
T_30 ;
    %wait E_011DFCD8;
    %vpi_call 2 54 "$display", "%b %b %d %d   %d    %b    %b   %b   %b", v0121AA10_0, v0121A598_0, v0121A750_0, v0121ADB8_0, v0121A800_0, v0121A8B0_0, v0121A7A8_0, v0121A5F0_0, v0121A858_0;
    %jmp T_30;
    .thread T_30, $push;
    .scope S_011BEB50;
T_31 ;
    %wait E_011E04F8;
    %load/v 8, v0121B0D0_0, 1;
    %cmpi/u 8, 0, 1;
    %jmp/1 T_31.0, 6;
    %cmpi/u 8, 1, 1;
    %jmp/1 T_31.1, 6;
    %jmp T_31.2;
T_31.0 ;
    %load/v 8, v0121B4F0_0, 5;
    %ix/load 0, 5, 0;
    %assign/v0 v0121B288_0, 0, 8;
    %jmp T_31.2;
T_31.1 ;
    %load/v 8, v0121B230_0, 5;
    %ix/load 0, 5, 0;
    %assign/v0 v0121B288_0, 0, 8;
    %jmp T_31.2;
T_31.2 ;
    %jmp T_31;
    .thread T_31, $push;
    .scope S_011BEF08;
T_32 ;
    %wait E_011E02B8;
    %load/v 8, v0121B128_0, 2;
    %cmpi/u 8, 0, 2;
    %jmp/1 T_32.0, 6;
    %cmpi/u 8, 1, 2;
    %jmp/1 T_32.1, 6;
    %cmpi/u 8, 2, 2;
    %jmp/1 T_32.2, 6;
    %cmpi/u 8, 3, 2;
    %jmp/1 T_32.3, 6;
    %jmp T_32.4;
T_32.0 ;
    %load/v 8, v0121AD60_0, 32;
    %ix/load 0, 32, 0;
    %assign/v0 v0121B2E0_0, 0, 8;
    %jmp T_32.4;
T_32.1 ;
    %load/v 8, v0121AE10_0, 32;
    %ix/load 0, 32, 0;
    %assign/v0 v0121B2E0_0, 0, 8;
    %jmp T_32.4;
T_32.2 ;
    %load/v 8, v0121B020_0, 32;
    %ix/load 0, 32, 0;
    %assign/v0 v0121B2E0_0, 0, 8;
    %jmp T_32.4;
T_32.3 ;
    %load/v 8, v0121AE68_0, 32;
    %ix/load 0, 32, 0;
    %assign/v0 v0121B2E0_0, 0, 8;
    %jmp T_32.4;
T_32.4 ;
    %jmp T_32;
    .thread T_32, $push;
    .scope S_0121BAB0;
T_33 ;
    %wait E_011E0718;
    %load/v 8, v01225CB8_0, 1;
    %mov 9, 0, 2;
    %cmpi/u 8, 1, 3;
    %jmp/0xz  T_33.0, 4;
    %ix/load 0, 32, 0;
    %assign/v0 v01225C60_0, 0, 0;
    %load/v 8, v01225D10_0, 5;
    %cmpi/u 8, 0, 5;
    %jmp/1 T_33.2, 6;
    %cmpi/u 8, 1, 5;
    %jmp/1 T_33.3, 6;
    %cmpi/u 8, 2, 5;
    %jmp/1 T_33.4, 6;
    %cmpi/u 8, 3, 5;
    %jmp/1 T_33.5, 6;
    %cmpi/u 8, 4, 5;
    %jmp/1 T_33.6, 6;
    %cmpi/u 8, 5, 5;
    %jmp/1 T_33.7, 6;
    %cmpi/u 8, 6, 5;
    %jmp/1 T_33.8, 6;
    %cmpi/u 8, 7, 5;
    %jmp/1 T_33.9, 6;
    %cmpi/u 8, 8, 5;
    %jmp/1 T_33.10, 6;
    %cmpi/u 8, 9, 5;
    %jmp/1 T_33.11, 6;
    %cmpi/u 8, 10, 5;
    %jmp/1 T_33.12, 6;
    %cmpi/u 8, 11, 5;
    %jmp/1 T_33.13, 6;
    %cmpi/u 8, 12, 5;
    %jmp/1 T_33.14, 6;
    %cmpi/u 8, 13, 5;
    %jmp/1 T_33.15, 6;
    %cmpi/u 8, 14, 5;
    %jmp/1 T_33.16, 6;
    %cmpi/u 8, 15, 5;
    %jmp/1 T_33.17, 6;
    %cmpi/u 8, 16, 5;
    %jmp/1 T_33.18, 6;
    %cmpi/u 8, 17, 5;
    %jmp/1 T_33.19, 6;
    %cmpi/u 8, 18, 5;
    %jmp/1 T_33.20, 6;
    %cmpi/u 8, 19, 5;
    %jmp/1 T_33.21, 6;
    %cmpi/u 8, 20, 5;
    %jmp/1 T_33.22, 6;
    %cmpi/u 8, 21, 5;
    %jmp/1 T_33.23, 6;
    %cmpi/u 8, 22, 5;
    %jmp/1 T_33.24, 6;
    %cmpi/u 8, 23, 5;
    %jmp/1 T_33.25, 6;
    %cmpi/u 8, 24, 5;
    %jmp/1 T_33.26, 6;
    %cmpi/u 8, 25, 5;
    %jmp/1 T_33.27, 6;
    %cmpi/u 8, 26, 5;
    %jmp/1 T_33.28, 6;
    %cmpi/u 8, 27, 5;
    %jmp/1 T_33.29, 6;
    %cmpi/u 8, 28, 5;
    %jmp/1 T_33.30, 6;
    %cmpi/u 8, 29, 5;
    %jmp/1 T_33.31, 6;
    %cmpi/u 8, 30, 5;
    %jmp/1 T_33.32, 6;
    %cmpi/u 8, 31, 5;
    %jmp/1 T_33.33, 6;
    %jmp T_33.34;
T_33.2 ;
    %ix/load 0, 1, 0;
    %ix/load 1, 0, 0;
    %assign/v0/x1 v01225C60_0, 0, 1;
    %jmp T_33.34;
T_33.3 ;
    %ix/load 0, 1, 0;
    %ix/load 1, 1, 0;
    %assign/v0/x1 v01225C60_0, 0, 1;
    %jmp T_33.34;
T_33.4 ;
    %ix/load 0, 1, 0;
    %ix/load 1, 2, 0;
    %assign/v0/x1 v01225C60_0, 0, 1;
    %jmp T_33.34;
T_33.5 ;
    %ix/load 0, 1, 0;
    %ix/load 1, 3, 0;
    %assign/v0/x1 v01225C60_0, 0, 1;
    %jmp T_33.34;
T_33.6 ;
    %ix/load 0, 1, 0;
    %ix/load 1, 4, 0;
    %assign/v0/x1 v01225C60_0, 0, 1;
    %jmp T_33.34;
T_33.7 ;
    %ix/load 0, 1, 0;
    %ix/load 1, 5, 0;
    %assign/v0/x1 v01225C60_0, 0, 1;
    %jmp T_33.34;
T_33.8 ;
    %ix/load 0, 1, 0;
    %ix/load 1, 6, 0;
    %assign/v0/x1 v01225C60_0, 0, 1;
    %jmp T_33.34;
T_33.9 ;
    %ix/load 0, 1, 0;
    %ix/load 1, 7, 0;
    %assign/v0/x1 v01225C60_0, 0, 1;
    %jmp T_33.34;
T_33.10 ;
    %ix/load 0, 1, 0;
    %ix/load 1, 8, 0;
    %assign/v0/x1 v01225C60_0, 0, 1;
    %jmp T_33.34;
T_33.11 ;
    %ix/load 0, 1, 0;
    %ix/load 1, 9, 0;
    %assign/v0/x1 v01225C60_0, 0, 1;
    %jmp T_33.34;
T_33.12 ;
    %ix/load 0, 1, 0;
    %ix/load 1, 10, 0;
    %assign/v0/x1 v01225C60_0, 0, 1;
    %jmp T_33.34;
T_33.13 ;
    %ix/load 0, 1, 0;
    %ix/load 1, 11, 0;
    %assign/v0/x1 v01225C60_0, 0, 1;
    %jmp T_33.34;
T_33.14 ;
    %ix/load 0, 1, 0;
    %ix/load 1, 12, 0;
    %assign/v0/x1 v01225C60_0, 0, 1;
    %jmp T_33.34;
T_33.15 ;
    %ix/load 0, 1, 0;
    %ix/load 1, 13, 0;
    %assign/v0/x1 v01225C60_0, 0, 1;
    %jmp T_33.34;
T_33.16 ;
    %ix/load 0, 1, 0;
    %ix/load 1, 14, 0;
    %assign/v0/x1 v01225C60_0, 0, 1;
    %jmp T_33.34;
T_33.17 ;
    %ix/load 0, 1, 0;
    %ix/load 1, 15, 0;
    %assign/v0/x1 v01225C60_0, 0, 1;
    %jmp T_33.34;
T_33.18 ;
    %ix/load 0, 1, 0;
    %ix/load 1, 16, 0;
    %assign/v0/x1 v01225C60_0, 0, 1;
    %jmp T_33.34;
T_33.19 ;
    %ix/load 0, 1, 0;
    %ix/load 1, 17, 0;
    %assign/v0/x1 v01225C60_0, 0, 1;
    %jmp T_33.34;
T_33.20 ;
    %ix/load 0, 1, 0;
    %ix/load 1, 18, 0;
    %assign/v0/x1 v01225C60_0, 0, 1;
    %jmp T_33.34;
T_33.21 ;
    %ix/load 0, 1, 0;
    %ix/load 1, 19, 0;
    %assign/v0/x1 v01225C60_0, 0, 1;
    %jmp T_33.34;
T_33.22 ;
    %ix/load 0, 1, 0;
    %ix/load 1, 20, 0;
    %assign/v0/x1 v01225C60_0, 0, 1;
    %jmp T_33.34;
T_33.23 ;
    %ix/load 0, 1, 0;
    %ix/load 1, 21, 0;
    %assign/v0/x1 v01225C60_0, 0, 1;
    %jmp T_33.34;
T_33.24 ;
    %ix/load 0, 1, 0;
    %ix/load 1, 22, 0;
    %assign/v0/x1 v01225C60_0, 0, 1;
    %jmp T_33.34;
T_33.25 ;
    %ix/load 0, 1, 0;
    %ix/load 1, 23, 0;
    %assign/v0/x1 v01225C60_0, 0, 1;
    %jmp T_33.34;
T_33.26 ;
    %ix/load 0, 1, 0;
    %ix/load 1, 24, 0;
    %assign/v0/x1 v01225C60_0, 0, 1;
    %jmp T_33.34;
T_33.27 ;
    %ix/load 0, 1, 0;
    %ix/load 1, 25, 0;
    %assign/v0/x1 v01225C60_0, 0, 1;
    %jmp T_33.34;
T_33.28 ;
    %ix/load 0, 1, 0;
    %ix/load 1, 26, 0;
    %assign/v0/x1 v01225C60_0, 0, 1;
    %jmp T_33.34;
T_33.29 ;
    %ix/load 0, 1, 0;
    %ix/load 1, 27, 0;
    %assign/v0/x1 v01225C60_0, 0, 1;
    %jmp T_33.34;
T_33.30 ;
    %ix/load 0, 1, 0;
    %ix/load 1, 28, 0;
    %assign/v0/x1 v01225C60_0, 0, 1;
    %jmp T_33.34;
T_33.31 ;
    %ix/load 0, 1, 0;
    %ix/load 1, 29, 0;
    %assign/v0/x1 v01225C60_0, 0, 1;
    %jmp T_33.34;
T_33.32 ;
    %ix/load 0, 1, 0;
    %ix/load 1, 30, 0;
    %assign/v0/x1 v01225C60_0, 0, 1;
    %jmp T_33.34;
T_33.33 ;
    %ix/load 0, 1, 0;
    %ix/load 1, 31, 0;
    %assign/v0/x1 v01225C60_0, 0, 1;
    %jmp T_33.34;
T_33.34 ;
    %jmp T_33.1;
T_33.0 ;
    %ix/load 0, 32, 0;
    %assign/v0 v01225C60_0, 0, 0;
T_33.1 ;
    %jmp T_33;
    .thread T_33, $push;
    .scope S_0121CB28;
T_34 ;
    %wait E_011E06B8;
    %load/v 8, v01225F78_0, 5;
    %cmpi/u 8, 0, 5;
    %jmp/1 T_34.0, 6;
    %cmpi/u 8, 1, 5;
    %jmp/1 T_34.1, 6;
    %cmpi/u 8, 2, 5;
    %jmp/1 T_34.2, 6;
    %cmpi/u 8, 3, 5;
    %jmp/1 T_34.3, 6;
    %cmpi/u 8, 4, 5;
    %jmp/1 T_34.4, 6;
    %cmpi/u 8, 5, 5;
    %jmp/1 T_34.5, 6;
    %cmpi/u 8, 6, 5;
    %jmp/1 T_34.6, 6;
    %cmpi/u 8, 7, 5;
    %jmp/1 T_34.7, 6;
    %cmpi/u 8, 8, 5;
    %jmp/1 T_34.8, 6;
    %cmpi/u 8, 9, 5;
    %jmp/1 T_34.9, 6;
    %cmpi/u 8, 10, 5;
    %jmp/1 T_34.10, 6;
    %cmpi/u 8, 11, 5;
    %jmp/1 T_34.11, 6;
    %cmpi/u 8, 12, 5;
    %jmp/1 T_34.12, 6;
    %cmpi/u 8, 13, 5;
    %jmp/1 T_34.13, 6;
    %cmpi/u 8, 14, 5;
    %jmp/1 T_34.14, 6;
    %cmpi/u 8, 15, 5;
    %jmp/1 T_34.15, 6;
    %cmpi/u 8, 16, 5;
    %jmp/1 T_34.16, 6;
    %cmpi/u 8, 17, 5;
    %jmp/1 T_34.17, 6;
    %cmpi/u 8, 18, 5;
    %jmp/1 T_34.18, 6;
    %cmpi/u 8, 19, 5;
    %jmp/1 T_34.19, 6;
    %cmpi/u 8, 20, 5;
    %jmp/1 T_34.20, 6;
    %cmpi/u 8, 21, 5;
    %jmp/1 T_34.21, 6;
    %cmpi/u 8, 22, 5;
    %jmp/1 T_34.22, 6;
    %cmpi/u 8, 23, 5;
    %jmp/1 T_34.23, 6;
    %cmpi/u 8, 24, 5;
    %jmp/1 T_34.24, 6;
    %cmpi/u 8, 25, 5;
    %jmp/1 T_34.25, 6;
    %cmpi/u 8, 26, 5;
    %jmp/1 T_34.26, 6;
    %cmpi/u 8, 27, 5;
    %jmp/1 T_34.27, 6;
    %cmpi/u 8, 28, 5;
    %jmp/1 T_34.28, 6;
    %cmpi/u 8, 29, 5;
    %jmp/1 T_34.29, 6;
    %cmpi/u 8, 30, 5;
    %jmp/1 T_34.30, 6;
    %cmpi/u 8, 31, 5;
    %jmp/1 T_34.31, 6;
    %jmp T_34.32;
T_34.0 ;
    %load/v 8, v01223728_0, 32;
    %ix/load 0, 32, 0;
    %assign/v0 v01223938_0, 0, 8;
    %jmp T_34.32;
T_34.1 ;
    %load/v 8, v01223990_0, 32;
    %ix/load 0, 32, 0;
    %assign/v0 v01223938_0, 0, 8;
    %jmp T_34.32;
T_34.2 ;
    %load/v 8, v01225790_0, 32;
    %ix/load 0, 32, 0;
    %assign/v0 v01223938_0, 0, 8;
    %jmp T_34.32;
T_34.3 ;
    %load/v 8, v01225A50_0, 32;
    %ix/load 0, 32, 0;
    %assign/v0 v01223938_0, 0, 8;
    %jmp T_34.32;
T_34.4 ;
    %load/v 8, v01225AA8_0, 32;
    %ix/load 0, 32, 0;
    %assign/v0 v01223938_0, 0, 8;
    %jmp T_34.32;
T_34.5 ;
    %load/v 8, v01225C08_0, 32;
    %ix/load 0, 32, 0;
    %assign/v0 v01223938_0, 0, 8;
    %jmp T_34.32;
T_34.6 ;
    %load/v 8, v01226080_0, 32;
    %ix/load 0, 32, 0;
    %assign/v0 v01223938_0, 0, 8;
    %jmp T_34.32;
T_34.7 ;
    %load/v 8, v01225898_0, 32;
    %ix/load 0, 32, 0;
    %assign/v0 v01223938_0, 0, 8;
    %jmp T_34.32;
T_34.8 ;
    %load/v 8, v01225F20_0, 32;
    %ix/load 0, 32, 0;
    %assign/v0 v01223938_0, 0, 8;
    %jmp T_34.32;
T_34.9 ;
    %load/v 8, v012258F0_0, 32;
    %ix/load 0, 32, 0;
    %assign/v0 v01223938_0, 0, 8;
    %jmp T_34.32;
T_34.10 ;
    %load/v 8, v01223A40_0, 32;
    %ix/load 0, 32, 0;
    %assign/v0 v01223938_0, 0, 8;
    %jmp T_34.32;
T_34.11 ;
    %load/v 8, v012235C8_0, 32;
    %ix/load 0, 32, 0;
    %assign/v0 v01223938_0, 0, 8;
    %jmp T_34.32;
T_34.12 ;
    %load/v 8, v01223620_0, 32;
    %ix/load 0, 32, 0;
    %assign/v0 v01223938_0, 0, 8;
    %jmp T_34.32;
T_34.13 ;
    %load/v 8, v01223678_0, 32;
    %ix/load 0, 32, 0;
    %assign/v0 v01223938_0, 0, 8;
    %jmp T_34.32;
T_34.14 ;
    %load/v 8, v012236D0_0, 32;
    %ix/load 0, 32, 0;
    %assign/v0 v01223938_0, 0, 8;
    %jmp T_34.32;
T_34.15 ;
    %load/v 8, v01225948_0, 32;
    %ix/load 0, 32, 0;
    %assign/v0 v01223938_0, 0, 8;
    %jmp T_34.32;
T_34.16 ;
    %load/v 8, v012256E0_0, 32;
    %ix/load 0, 32, 0;
    %assign/v0 v01223938_0, 0, 8;
    %jmp T_34.32;
T_34.17 ;
    %load/v 8, v01225D68_0, 32;
    %ix/load 0, 32, 0;
    %assign/v0 v01223938_0, 0, 8;
    %jmp T_34.32;
T_34.18 ;
    %load/v 8, v01225E70_0, 32;
    %ix/load 0, 32, 0;
    %assign/v0 v01223938_0, 0, 8;
    %jmp T_34.32;
T_34.19 ;
    %load/v 8, v012257E8_0, 32;
    %ix/load 0, 32, 0;
    %assign/v0 v01223938_0, 0, 8;
    %jmp T_34.32;
T_34.20 ;
    %load/v 8, v01225FD0_0, 32;
    %ix/load 0, 32, 0;
    %assign/v0 v01223938_0, 0, 8;
    %jmp T_34.32;
T_34.21 ;
    %load/v 8, v012259A0_0, 32;
    %ix/load 0, 32, 0;
    %assign/v0 v01223938_0, 0, 8;
    %jmp T_34.32;
T_34.22 ;
    %load/v 8, v01225688_0, 32;
    %ix/load 0, 32, 0;
    %assign/v0 v01223938_0, 0, 8;
    %jmp T_34.32;
T_34.23 ;
    %load/v 8, v012259F8_0, 32;
    %ix/load 0, 32, 0;
    %assign/v0 v01223938_0, 0, 8;
    %jmp T_34.32;
T_34.24 ;
    %load/v 8, v01226028_0, 32;
    %ix/load 0, 32, 0;
    %assign/v0 v01223938_0, 0, 8;
    %jmp T_34.32;
T_34.25 ;
    %load/v 8, v01225EC8_0, 32;
    %ix/load 0, 32, 0;
    %assign/v0 v01223938_0, 0, 8;
    %jmp T_34.32;
T_34.26 ;
    %load/v 8, v01225738_0, 32;
    %ix/load 0, 32, 0;
    %assign/v0 v01223938_0, 0, 8;
    %jmp T_34.32;
T_34.27 ;
    %load/v 8, v01225840_0, 32;
    %ix/load 0, 32, 0;
    %assign/v0 v01223938_0, 0, 8;
    %jmp T_34.32;
T_34.28 ;
    %load/v 8, v01225B00_0, 32;
    %ix/load 0, 32, 0;
    %assign/v0 v01223938_0, 0, 8;
    %jmp T_34.32;
T_34.29 ;
    %load/v 8, v01225B58_0, 32;
    %ix/load 0, 32, 0;
    %assign/v0 v01223938_0, 0, 8;
    %jmp T_34.32;
T_34.30 ;
    %load/v 8, v01225BB0_0, 32;
    %ix/load 0, 32, 0;
    %assign/v0 v01223938_0, 0, 8;
    %jmp T_34.32;
T_34.31 ;
    %load/v 8, v01225DC0_0, 32;
    %ix/load 0, 32, 0;
    %assign/v0 v01223938_0, 0, 8;
    %jmp T_34.32;
T_34.32 ;
    %jmp T_34;
    .thread T_34, $push;
    .scope S_0121CAA0;
T_35 ;
    %wait E_011E0518;
    %load/v 8, v012238E0_0, 5;
    %cmpi/u 8, 0, 5;
    %jmp/1 T_35.0, 6;
    %cmpi/u 8, 1, 5;
    %jmp/1 T_35.1, 6;
    %cmpi/u 8, 2, 5;
    %jmp/1 T_35.2, 6;
    %cmpi/u 8, 3, 5;
    %jmp/1 T_35.3, 6;
    %cmpi/u 8, 4, 5;
    %jmp/1 T_35.4, 6;
    %cmpi/u 8, 5, 5;
    %jmp/1 T_35.5, 6;
    %cmpi/u 8, 6, 5;
    %jmp/1 T_35.6, 6;
    %cmpi/u 8, 7, 5;
    %jmp/1 T_35.7, 6;
    %cmpi/u 8, 8, 5;
    %jmp/1 T_35.8, 6;
    %cmpi/u 8, 9, 5;
    %jmp/1 T_35.9, 6;
    %cmpi/u 8, 10, 5;
    %jmp/1 T_35.10, 6;
    %cmpi/u 8, 11, 5;
    %jmp/1 T_35.11, 6;
    %cmpi/u 8, 12, 5;
    %jmp/1 T_35.12, 6;
    %cmpi/u 8, 13, 5;
    %jmp/1 T_35.13, 6;
    %cmpi/u 8, 14, 5;
    %jmp/1 T_35.14, 6;
    %cmpi/u 8, 15, 5;
    %jmp/1 T_35.15, 6;
    %cmpi/u 8, 16, 5;
    %jmp/1 T_35.16, 6;
    %cmpi/u 8, 17, 5;
    %jmp/1 T_35.17, 6;
    %cmpi/u 8, 18, 5;
    %jmp/1 T_35.18, 6;
    %cmpi/u 8, 19, 5;
    %jmp/1 T_35.19, 6;
    %cmpi/u 8, 20, 5;
    %jmp/1 T_35.20, 6;
    %cmpi/u 8, 21, 5;
    %jmp/1 T_35.21, 6;
    %cmpi/u 8, 22, 5;
    %jmp/1 T_35.22, 6;
    %cmpi/u 8, 23, 5;
    %jmp/1 T_35.23, 6;
    %cmpi/u 8, 24, 5;
    %jmp/1 T_35.24, 6;
    %cmpi/u 8, 25, 5;
    %jmp/1 T_35.25, 6;
    %cmpi/u 8, 26, 5;
    %jmp/1 T_35.26, 6;
    %cmpi/u 8, 27, 5;
    %jmp/1 T_35.27, 6;
    %cmpi/u 8, 28, 5;
    %jmp/1 T_35.28, 6;
    %cmpi/u 8, 29, 5;
    %jmp/1 T_35.29, 6;
    %cmpi/u 8, 30, 5;
    %jmp/1 T_35.30, 6;
    %cmpi/u 8, 31, 5;
    %jmp/1 T_35.31, 6;
    %jmp T_35.32;
T_35.0 ;
    %load/v 8, v012231A8_0, 32;
    %ix/load 0, 32, 0;
    %assign/v0 v012234C0_0, 0, 8;
    %jmp T_35.32;
T_35.1 ;
    %load/v 8, v01223410_0, 32;
    %ix/load 0, 32, 0;
    %assign/v0 v012234C0_0, 0, 8;
    %jmp T_35.32;
T_35.2 ;
    %load/v 8, v01222EE8_0, 32;
    %ix/load 0, 32, 0;
    %assign/v0 v012234C0_0, 0, 8;
    %jmp T_35.32;
T_35.3 ;
    %load/v 8, v01223308_0, 32;
    %ix/load 0, 32, 0;
    %assign/v0 v012234C0_0, 0, 8;
    %jmp T_35.32;
T_35.4 ;
    %load/v 8, v01222C28_0, 32;
    %ix/load 0, 32, 0;
    %assign/v0 v012234C0_0, 0, 8;
    %jmp T_35.32;
T_35.5 ;
    %load/v 8, v01223830_0, 32;
    %ix/load 0, 32, 0;
    %assign/v0 v012234C0_0, 0, 8;
    %jmp T_35.32;
T_35.6 ;
    %load/v 8, v012237D8_0, 32;
    %ix/load 0, 32, 0;
    %assign/v0 v012234C0_0, 0, 8;
    %jmp T_35.32;
T_35.7 ;
    %load/v 8, v01223780_0, 32;
    %ix/load 0, 32, 0;
    %assign/v0 v012234C0_0, 0, 8;
    %jmp T_35.32;
T_35.8 ;
    %load/v 8, v012239E8_0, 32;
    %ix/load 0, 32, 0;
    %assign/v0 v012234C0_0, 0, 8;
    %jmp T_35.32;
T_35.9 ;
    %load/v 8, v01223888_0, 32;
    %ix/load 0, 32, 0;
    %assign/v0 v012234C0_0, 0, 8;
    %jmp T_35.32;
T_35.10 ;
    %load/v 8, v01223518_0, 32;
    %ix/load 0, 32, 0;
    %assign/v0 v012234C0_0, 0, 8;
    %jmp T_35.32;
T_35.11 ;
    %load/v 8, v01222AC8_0, 32;
    %ix/load 0, 32, 0;
    %assign/v0 v012234C0_0, 0, 8;
    %jmp T_35.32;
T_35.12 ;
    %load/v 8, v01222D30_0, 32;
    %ix/load 0, 32, 0;
    %assign/v0 v012234C0_0, 0, 8;
    %jmp T_35.32;
T_35.13 ;
    %load/v 8, v01222F40_0, 32;
    %ix/load 0, 32, 0;
    %assign/v0 v012234C0_0, 0, 8;
    %jmp T_35.32;
T_35.14 ;
    %load/v 8, v01222DE0_0, 32;
    %ix/load 0, 32, 0;
    %assign/v0 v012234C0_0, 0, 8;
    %jmp T_35.32;
T_35.15 ;
    %load/v 8, v01223200_0, 32;
    %ix/load 0, 32, 0;
    %assign/v0 v012234C0_0, 0, 8;
    %jmp T_35.32;
T_35.16 ;
    %load/v 8, v01222E38_0, 32;
    %ix/load 0, 32, 0;
    %assign/v0 v012234C0_0, 0, 8;
    %jmp T_35.32;
T_35.17 ;
    %load/v 8, v01223258_0, 32;
    %ix/load 0, 32, 0;
    %assign/v0 v012234C0_0, 0, 8;
    %jmp T_35.32;
T_35.18 ;
    %load/v 8, v012233B8_0, 32;
    %ix/load 0, 32, 0;
    %assign/v0 v012234C0_0, 0, 8;
    %jmp T_35.32;
T_35.19 ;
    %load/v 8, v01222E90_0, 32;
    %ix/load 0, 32, 0;
    %assign/v0 v012234C0_0, 0, 8;
    %jmp T_35.32;
T_35.20 ;
    %load/v 8, v012230A0_0, 32;
    %ix/load 0, 32, 0;
    %assign/v0 v012234C0_0, 0, 8;
    %jmp T_35.32;
T_35.21 ;
    %load/v 8, v01223468_0, 32;
    %ix/load 0, 32, 0;
    %assign/v0 v012234C0_0, 0, 8;
    %jmp T_35.32;
T_35.22 ;
    %load/v 8, v01222B78_0, 32;
    %ix/load 0, 32, 0;
    %assign/v0 v012234C0_0, 0, 8;
    %jmp T_35.32;
T_35.23 ;
    %load/v 8, v01222F98_0, 32;
    %ix/load 0, 32, 0;
    %assign/v0 v012234C0_0, 0, 8;
    %jmp T_35.32;
T_35.24 ;
    %load/v 8, v01222BD0_0, 32;
    %ix/load 0, 32, 0;
    %assign/v0 v012234C0_0, 0, 8;
    %jmp T_35.32;
T_35.25 ;
    %load/v 8, v01222FF0_0, 32;
    %ix/load 0, 32, 0;
    %assign/v0 v012234C0_0, 0, 8;
    %jmp T_35.32;
T_35.26 ;
    %load/v 8, v01223048_0, 32;
    %ix/load 0, 32, 0;
    %assign/v0 v012234C0_0, 0, 8;
    %jmp T_35.32;
T_35.27 ;
    %load/v 8, v012230F8_0, 32;
    %ix/load 0, 32, 0;
    %assign/v0 v012234C0_0, 0, 8;
    %jmp T_35.32;
T_35.28 ;
    %load/v 8, v012232B0_0, 32;
    %ix/load 0, 32, 0;
    %assign/v0 v012234C0_0, 0, 8;
    %jmp T_35.32;
T_35.29 ;
    %load/v 8, v01223150_0, 32;
    %ix/load 0, 32, 0;
    %assign/v0 v012234C0_0, 0, 8;
    %jmp T_35.32;
T_35.30 ;
    %load/v 8, v01223570_0, 32;
    %ix/load 0, 32, 0;
    %assign/v0 v012234C0_0, 0, 8;
    %jmp T_35.32;
T_35.31 ;
    %load/v 8, v01222B20_0, 32;
    %ix/load 0, 32, 0;
    %assign/v0 v012234C0_0, 0, 8;
    %jmp T_35.32;
T_35.32 ;
    %jmp T_35;
    .thread T_35, $push;
    .scope S_0121C3B8;
T_36 ;
    %wait E_011E03D8;
    %load/v 8, v01223360_0, 1;
    %jmp/0xz  T_36.0, 8;
    %load/v 8, v01222C80_0, 32;
    %ix/load 0, 32, 0;
    %assign/v0 v01222D88_0, 0, 8;
T_36.0 ;
    %jmp T_36;
    .thread T_36;
    .scope S_0121C220;
T_37 ;
    %wait E_011E03D8;
    %load/v 8, v01222510_0, 1;
    %jmp/0xz  T_37.0, 8;
    %load/v 8, v01221B70_0, 32;
    %ix/load 0, 32, 0;
    %assign/v0 v01221BC8_0, 0, 8;
T_37.0 ;
    %jmp T_37;
    .thread T_37;
    .scope S_0121CA18;
T_38 ;
    %wait E_011E03D8;
    %load/v 8, v012222A8_0, 1;
    %jmp/0xz  T_38.0, 8;
    %load/v 8, v01221C78_0, 32;
    %ix/load 0, 32, 0;
    %assign/v0 v012224B8_0, 0, 8;
T_38.0 ;
    %jmp T_38;
    .thread T_38;
    .scope S_0121C908;
T_39 ;
    %wait E_011E03D8;
    %load/v 8, v01222358_0, 1;
    %jmp/0xz  T_39.0, 8;
    %load/v 8, v01221EE0_0, 32;
    %ix/load 0, 32, 0;
    %assign/v0 v01222300_0, 0, 8;
T_39.0 ;
    %jmp T_39;
    .thread T_39;
    .scope S_0121BE68;
T_40 ;
    %wait E_011E03D8;
    %load/v 8, v01222148_0, 1;
    %jmp/0xz  T_40.0, 8;
    %load/v 8, v012221F8_0, 32;
    %ix/load 0, 32, 0;
    %assign/v0 v01221B18_0, 0, 8;
T_40.0 ;
    %jmp T_40;
    .thread T_40;
    .scope S_0121C880;
T_41 ;
    %wait E_011E03D8;
    %load/v 8, v012223B0_0, 1;
    %jmp/0xz  T_41.0, 8;
    %load/v 8, v01221E30_0, 32;
    %ix/load 0, 32, 0;
    %assign/v0 v01221C20_0, 0, 8;
T_41.0 ;
    %jmp T_41;
    .thread T_41;
    .scope S_0121BDE0;
T_42 ;
    %wait E_011E03D8;
    %load/v 8, v012221A0_0, 1;
    %jmp/0xz  T_42.0, 8;
    %load/v 8, v012220F0_0, 32;
    %ix/load 0, 32, 0;
    %assign/v0 v01222568_0, 0, 8;
T_42.0 ;
    %jmp T_42;
    .thread T_42;
    .scope S_0121BD58;
T_43 ;
    %wait E_011E03D8;
    %load/v 8, v01222040_0, 1;
    %jmp/0xz  T_43.0, 8;
    %load/v 8, v01222098_0, 32;
    %ix/load 0, 32, 0;
    %assign/v0 v01221F38_0, 0, 8;
T_43.0 ;
    %jmp T_43;
    .thread T_43;
    .scope S_0121C198;
T_44 ;
    %wait E_011E03D8;
    %load/v 8, v01222408_0, 1;
    %jmp/0xz  T_44.0, 8;
    %load/v 8, v01221DD8_0, 32;
    %ix/load 0, 32, 0;
    %assign/v0 v01221D28_0, 0, 8;
T_44.0 ;
    %jmp T_44;
    .thread T_44;
    .scope S_0121BBC0;
T_45 ;
    %wait E_011E03D8;
    %load/v 8, v01222930_0, 1;
    %jmp/0xz  T_45.0, 8;
    %load/v 8, v01222988_0, 32;
    %ix/load 0, 32, 0;
    %assign/v0 v01222A38_0, 0, 8;
T_45.0 ;
    %jmp T_45;
    .thread T_45;
    .scope S_0121C110;
T_46 ;
    %wait E_011E03D8;
    %load/v 8, v01222720_0, 1;
    %jmp/0xz  T_46.0, 8;
    %load/v 8, v012228D8_0, 32;
    %ix/load 0, 32, 0;
    %assign/v0 v012229E0_0, 0, 8;
T_46.0 ;
    %jmp T_46;
    .thread T_46;
    .scope S_0121C770;
T_47 ;
    %wait E_011E03D8;
    %load/v 8, v01222880_0, 1;
    %jmp/0xz  T_47.0, 8;
    %load/v 8, v01222778_0, 32;
    %ix/load 0, 32, 0;
    %assign/v0 v012227D0_0, 0, 8;
T_47.0 ;
    %jmp T_47;
    .thread T_47;
    .scope S_0121C660;
T_48 ;
    %wait E_011E03D8;
    %load/v 8, v01220660_0, 1;
    %jmp/0xz  T_48.0, 8;
    %load/v 8, v01222670_0, 32;
    %ix/load 0, 32, 0;
    %assign/v0 v012226C8_0, 0, 8;
T_48.0 ;
    %jmp T_48;
    .thread T_48;
    .scope S_0121C2A8;
T_49 ;
    %wait E_011E03D8;
    %load/v 8, v01220978_0, 1;
    %jmp/0xz  T_49.0, 8;
    %load/v 8, v012209D0_0, 32;
    %ix/load 0, 32, 0;
    %assign/v0 v012205B0_0, 0, 8;
T_49.0 ;
    %jmp T_49;
    .thread T_49;
    .scope S_0121BEF0;
T_50 ;
    %wait E_011E03D8;
    %load/v 8, v012208C8_0, 1;
    %jmp/0xz  T_50.0, 8;
    %load/v 8, v012207C0_0, 32;
    %ix/load 0, 32, 0;
    %assign/v0 v01220920_0, 0, 8;
T_50.0 ;
    %jmp T_50;
    .thread T_50;
    .scope S_0121C5D8;
T_51 ;
    %wait E_011E03D8;
    %load/v 8, v01220768_0, 1;
    %jmp/0xz  T_51.0, 8;
    %load/v 8, v01220870_0, 32;
    %ix/load 0, 32, 0;
    %assign/v0 v01220A28_0, 0, 8;
T_51.0 ;
    %jmp T_51;
    .thread T_51;
    .scope S_0121C088;
T_52 ;
    %wait E_011E03D8;
    %load/v 8, v01220088_0, 1;
    %jmp/0xz  T_52.0, 8;
    %load/v 8, v0121FC10_0, 32;
    %ix/load 0, 32, 0;
    %assign/v0 v0121FB60_0, 0, 8;
T_52.0 ;
    %jmp T_52;
    .thread T_52;
    .scope S_0121C000;
T_53 ;
    %wait E_011E03D8;
    %load/v 8, v0121FFD8_0, 1;
    %jmp/0xz  T_53.0, 8;
    %load/v 8, v01220558_0, 32;
    %ix/load 0, 32, 0;
    %assign/v0 v0121FAB0_0, 0, 8;
T_53.0 ;
    %jmp T_53;
    .thread T_53;
    .scope S_0121C550;
T_54 ;
    %wait E_011E03D8;
    %load/v 8, v0121FF28_0, 1;
    %jmp/0xz  T_54.0, 8;
    %load/v 8, v01220450_0, 32;
    %ix/load 0, 32, 0;
    %assign/v0 v01220500_0, 0, 8;
T_54.0 ;
    %jmp T_54;
    .thread T_54;
    .scope S_0121C4C8;
T_55 ;
    %wait E_011E03D8;
    %load/v 8, v012203A0_0, 1;
    %jmp/0xz  T_55.0, 8;
    %load/v 8, v0121FD18_0, 32;
    %ix/load 0, 32, 0;
    %assign/v0 v0121FED0_0, 0, 8;
T_55.0 ;
    %jmp T_55;
    .thread T_55;
    .scope S_0121C7F8;
T_56 ;
    %wait E_011E03D8;
    %load/v 8, v01220190_0, 1;
    %jmp/0xz  T_56.0, 8;
    %load/v 8, v012201E8_0, 32;
    %ix/load 0, 32, 0;
    %assign/v0 v0121FF80_0, 0, 8;
T_56.0 ;
    %jmp T_56;
    .thread T_56;
    .scope S_0121C990;
T_57 ;
    %wait E_011E03D8;
    %load/v 8, v01220138_0, 1;
    %jmp/0xz  T_57.0, 8;
    %load/v 8, v01220348_0, 32;
    %ix/load 0, 32, 0;
    %assign/v0 v0121FE78_0, 0, 8;
T_57.0 ;
    %jmp T_57;
    .thread T_57;
    .scope S_0121BF78;
T_58 ;
    %wait E_011E03D8;
    %load/v 8, v0121FCC0_0, 1;
    %jmp/0xz  T_58.0, 8;
    %load/v 8, v0121FD70_0, 32;
    %ix/load 0, 32, 0;
    %assign/v0 v01220298_0, 0, 8;
T_58.0 ;
    %jmp T_58;
    .thread T_58;
    .scope S_0121C6E8;
T_59 ;
    %wait E_011E03D8;
    %load/v 8, v012200E0_0, 1;
    %jmp/0xz  T_59.0, 8;
    %load/v 8, v012202F0_0, 32;
    %ix/load 0, 32, 0;
    %assign/v0 v0121FDC8_0, 0, 8;
T_59.0 ;
    %jmp T_59;
    .thread T_59;
    .scope S_0121BCD0;
T_60 ;
    %wait E_011E03D8;
    %load/v 8, v0121B6A8_0, 1;
    %jmp/0xz  T_60.0, 8;
    %load/v 8, v0121B968_0, 32;
    %ix/load 0, 32, 0;
    %assign/v0 v0121B9C0_0, 0, 8;
T_60.0 ;
    %jmp T_60;
    .thread T_60;
    .scope S_0121C440;
T_61 ;
    %wait E_011E03D8;
    %load/v 8, v0121B860_0, 1;
    %jmp/0xz  T_61.0, 8;
    %load/v 8, v0121B910_0, 32;
    %ix/load 0, 32, 0;
    %assign/v0 v0121B650_0, 0, 8;
T_61.0 ;
    %jmp T_61;
    .thread T_61;
    .scope S_0121C330;
T_62 ;
    %wait E_011E03D8;
    %load/v 8, v0121B8B8_0, 1;
    %jmp/0xz  T_62.0, 8;
    %load/v 8, v0121B700_0, 32;
    %ix/load 0, 32, 0;
    %assign/v0 v0121B5F8_0, 0, 8;
T_62.0 ;
    %jmp T_62;
    .thread T_62;
    .scope S_011AC088;
T_63 ;
    %wait E_011E03D8;
    %load/v 8, v0121AB50_0, 1;
    %jmp/0xz  T_63.0, 8;
    %load/v 8, v0121B5A0_0, 32;
    %ix/load 0, 32, 0;
    %assign/v0 v0121B808_0, 0, 8;
T_63.0 ;
    %jmp T_63;
    .thread T_63;
    .scope S_011AC000;
T_64 ;
    %wait E_011E03D8;
    %load/v 8, v0121AAF8_0, 1;
    %jmp/0xz  T_64.0, 8;
    %load/v 8, v0121B548_0, 32;
    %ix/load 0, 32, 0;
    %assign/v0 v0121B498_0, 0, 8;
T_64.0 ;
    %jmp T_64;
    .thread T_64;
    .scope S_011BD1A8;
T_65 ;
    %wait E_011E03D8;
    %load/v 8, v0121AFC8_0, 1;
    %jmp/0xz  T_65.0, 8;
    %load/v 8, v0121B3E8_0, 32;
    %ix/load 0, 32, 0;
    %assign/v0 v0121AC00_0, 0, 8;
T_65.0 ;
    %jmp T_65;
    .thread T_65;
    .scope S_011BD120;
T_66 ;
    %wait E_011E03D8;
    %load/v 8, v0121AAA0_0, 1;
    %jmp/0xz  T_66.0, 8;
    %load/v 8, v0121AF70_0, 32;
    %ix/load 0, 32, 0;
    %assign/v0 v0121AD08_0, 0, 8;
T_66.0 ;
    %jmp T_66;
    .thread T_66;
    .scope S_011BF788;
T_67 ;
    %wait E_011E03D8;
    %load/v 8, v0121AF18_0, 1;
    %jmp/0xz  T_67.0, 8;
    %load/v 8, v0121B078_0, 32;
    %ix/load 0, 32, 0;
    %assign/v0 v0121B180_0, 0, 8;
T_67.0 ;
    %jmp T_67;
    .thread T_67;
# The file index is used to find the file name in the following table.
:file_names 12;
    "N/A";
    "<interactive>";
    "DataPath_tb.v";
    "./DataPath.v";
    "./ControlUnit.v";
    "./Microstore.v";
    "./ControlRegister.v";
    "./State_Selection.v";
    "./State_Encoder.v";
    "./RegisterFile.v";
    "./muxes.v";
    "./RAM.v";
